{"/Users/sferg/tasks/src/App.tsx": {"path":"/Users/sferg/tasks/src/App.tsx","statementMap":{"0":{"start":{"line":20,"column":4},"end":{"line":59,"column":6}}},"fnMap":{"0":{"name":"App","decl":{"start":{"line":19,"column":9},"end":{"line":19,"column":12}},"loc":{"start":{"line":19,"column":28},"end":{"line":60,"column":1}},"line":19}},"branchMap":{},"s":{"0":1},"f":{"0":1},"b":{},"_coverageSchema":"1a1c01bbd47fc00a2c39e90264f33305004495a9","hash":"8597f3386ad210bb9829e6ecdfed605ff475f540"}
,"/Users/sferg/tasks/src/arrays.ts": {"path":"/Users/sferg/tasks/src/arrays.ts","statementMap":{"0":{"start":{"line":8,"column":25},"end":{"line":8,"column":27}},"1":{"start":{"line":9,"column":4},"end":{"line":15,"column":5}},"2":{"start":{"line":10,"column":8},"end":{"line":14,"column":9}},"3":{"start":{"line":11,"column":12},"end":{"line":11,"column":61}},"4":{"start":{"line":13,"column":12},"end":{"line":13,"column":44}},"5":{"start":{"line":16,"column":4},"end":{"line":16,"column":16}},"6":{"start":{"line":24,"column":20},"end":{"line":24,"column":65}},"7":{"start":{"line":24,"column":57},"end":{"line":24,"column":64}},"8":{"start":{"line":25,"column":4},"end":{"line":25,"column":19}},"9":{"start":{"line":33,"column":17},"end":{"line":33,"column":66}},"10":{"start":{"line":33,"column":54},"end":{"line":33,"column":65}},"11":{"start":{"line":34,"column":18},"end":{"line":34,"column":75}},"12":{"start":{"line":34,"column":53},"end":{"line":34,"column":73}},"13":{"start":{"line":35,"column":4},"end":{"line":35,"column":17}},"14":{"start":{"line":45,"column":29},"end":{"line":52,"column":1}},"15":{"start":{"line":46,"column":16},"end":{"line":48,"column":5}},"16":{"start":{"line":47,"column":8},"end":{"line":47,"column":63}},"17":{"start":{"line":49,"column":17},"end":{"line":49,"column":62}},"18":{"start":{"line":49,"column":50},"end":{"line":49,"column":61}},"19":{"start":{"line":50,"column":18},"end":{"line":50,"column":75}},"20":{"start":{"line":50,"column":53},"end":{"line":50,"column":73}},"21":{"start":{"line":51,"column":4},"end":{"line":51,"column":17}},"22":{"start":{"line":59,"column":33},"end":{"line":69,"column":1}},"23":{"start":{"line":60,"column":16},"end":{"line":64,"column":5}},"24":{"start":{"line":61,"column":8},"end":{"line":63,"column":21}},"25":{"start":{"line":65,"column":17},"end":{"line":67,"column":5}},"26":{"start":{"line":66,"column":38},"end":{"line":66,"column":80}},"27":{"start":{"line":68,"column":4},"end":{"line":68,"column":16}},"28":{"start":{"line":76,"column":23},"end":{"line":76,"column":79}},"29":{"start":{"line":76,"column":63},"end":{"line":76,"column":78}},"30":{"start":{"line":77,"column":16},"end":{"line":77,"column":33}},"31":{"start":{"line":78,"column":4},"end":{"line":78,"column":15}},"32":{"start":{"line":87,"column":15},"end":{"line":87,"column":20}},"33":{"start":{"line":88,"column":16},"end":{"line":91,"column":5}},"34":{"start":{"line":90,"column":12},"end":{"line":90,"column":68}},"35":{"start":{"line":92,"column":4},"end":{"line":94,"column":5}},"36":{"start":{"line":93,"column":8},"end":{"line":93,"column":20}},"37":{"start":{"line":95,"column":4},"end":{"line":95,"column":16}},"38":{"start":{"line":106,"column":16},"end":{"line":109,"column":5}},"39":{"start":{"line":107,"column":47},"end":{"line":107,"column":65}},"40":{"start":{"line":110,"column":19},"end":{"line":110,"column":21}},"41":{"start":{"line":111,"column":4},"end":{"line":115,"column":5}},"42":{"start":{"line":112,"column":8},"end":{"line":112,"column":37}},"43":{"start":{"line":114,"column":8},"end":{"line":114,"column":23}},"44":{"start":{"line":116,"column":18},"end":{"line":116,"column":27}},"45":{"start":{"line":117,"column":4},"end":{"line":117,"column":28}},"46":{"start":{"line":130,"column":26},"end":{"line":132,"column":5}},"47":{"start":{"line":131,"column":36},"end":{"line":131,"column":45}},"48":{"start":{"line":133,"column":30},"end":{"line":133,"column":32}},"49":{"start":{"line":134,"column":4},"end":{"line":138,"column":5}},"50":{"start":{"line":135,"column":8},"end":{"line":135,"column":51}},"51":{"start":{"line":137,"column":8},"end":{"line":137,"column":27}},"52":{"start":{"line":139,"column":16},"end":{"line":142,"column":5}},"53":{"start":{"line":140,"column":47},"end":{"line":140,"column":65}},"54":{"start":{"line":143,"column":32},"end":{"line":143,"column":34}},"55":{"start":{"line":144,"column":4},"end":{"line":149,"column":5}},"56":{"start":{"line":145,"column":8},"end":{"line":145,"column":34}},"57":{"start":{"line":146,"column":8},"end":{"line":146,"column":54}},"58":{"start":{"line":148,"column":8},"end":{"line":148,"column":39}},"59":{"start":{"line":150,"column":4},"end":{"line":150,"column":23}}},"fnMap":{"0":{"name":"bookEndList","decl":{"start":{"line":7,"column":16},"end":{"line":7,"column":27}},"loc":{"start":{"line":7,"column":57},"end":{"line":17,"column":1}},"line":7},"1":{"name":"tripleNumbers","decl":{"start":{"line":23,"column":16},"end":{"line":23,"column":29}},"loc":{"start":{"line":23,"column":59},"end":{"line":26,"column":1}},"line":23},"2":{"name":"(anonymous_2)","decl":{"start":{"line":24,"column":32},"end":{"line":24,"column":33}},"loc":{"start":{"line":24,"column":57},"end":{"line":24,"column":64}},"line":24},"3":{"name":"stringsToIntegers","decl":{"start":{"line":32,"column":16},"end":{"line":32,"column":33}},"loc":{"start":{"line":32,"column":63},"end":{"line":36,"column":1}},"line":32},"4":{"name":"(anonymous_4)","decl":{"start":{"line":33,"column":29},"end":{"line":33,"column":30}},"loc":{"start":{"line":33,"column":54},"end":{"line":33,"column":65}},"line":33},"5":{"name":"(anonymous_5)","decl":{"start":{"line":34,"column":27},"end":{"line":34,"column":28}},"loc":{"start":{"line":34,"column":53},"end":{"line":34,"column":73}},"line":34},"6":{"name":"(anonymous_6)","decl":{"start":{"line":45,"column":29},"end":{"line":45,"column":30}},"loc":{"start":{"line":45,"column":62},"end":{"line":52,"column":1}},"line":45},"7":{"name":"(anonymous_7)","decl":{"start":{"line":46,"column":28},"end":{"line":46,"column":29}},"loc":{"start":{"line":47,"column":8},"end":{"line":47,"column":63}},"line":47},"8":{"name":"(anonymous_8)","decl":{"start":{"line":49,"column":25},"end":{"line":49,"column":26}},"loc":{"start":{"line":49,"column":50},"end":{"line":49,"column":61}},"line":49},"9":{"name":"(anonymous_9)","decl":{"start":{"line":50,"column":27},"end":{"line":50,"column":28}},"loc":{"start":{"line":50,"column":53},"end":{"line":50,"column":73}},"line":50},"10":{"name":"(anonymous_10)","decl":{"start":{"line":59,"column":33},"end":{"line":59,"column":34}},"loc":{"start":{"line":59,"column":67},"end":{"line":69,"column":1}},"line":59},"11":{"name":"(anonymous_11)","decl":{"start":{"line":60,"column":29},"end":{"line":60,"column":30}},"loc":{"start":{"line":61,"column":8},"end":{"line":63,"column":21}},"line":61},"12":{"name":"(anonymous_12)","decl":{"start":{"line":66,"column":8},"end":{"line":66,"column":9}},"loc":{"start":{"line":66,"column":38},"end":{"line":66,"column":80}},"line":66},"13":{"name":"countShortWords","decl":{"start":{"line":75,"column":16},"end":{"line":75,"column":31}},"loc":{"start":{"line":75,"column":57},"end":{"line":79,"column":1}},"line":75},"14":{"name":"(anonymous_14)","decl":{"start":{"line":76,"column":36},"end":{"line":76,"column":37}},"loc":{"start":{"line":76,"column":63},"end":{"line":76,"column":78}},"line":76},"15":{"name":"allRGB","decl":{"start":{"line":86,"column":16},"end":{"line":86,"column":22}},"loc":{"start":{"line":86,"column":50},"end":{"line":96,"column":1}},"line":86},"16":{"name":"(anonymous_16)","decl":{"start":{"line":89,"column":8},"end":{"line":89,"column":9}},"loc":{"start":{"line":90,"column":12},"end":{"line":90,"column":68}},"line":90},"17":{"name":"makeMath","decl":{"start":{"line":105,"column":16},"end":{"line":105,"column":24}},"loc":{"start":{"line":105,"column":52},"end":{"line":118,"column":1}},"line":105},"18":{"name":"(anonymous_18)","decl":{"start":{"line":107,"column":8},"end":{"line":107,"column":9}},"loc":{"start":{"line":107,"column":47},"end":{"line":107,"column":65}},"line":107},"19":{"name":"injectPositive","decl":{"start":{"line":129,"column":16},"end":{"line":129,"column":30}},"loc":{"start":{"line":129,"column":59},"end":{"line":151,"column":1}},"line":129},"20":{"name":"(anonymous_20)","decl":{"start":{"line":131,"column":8},"end":{"line":131,"column":9}},"loc":{"start":{"line":131,"column":36},"end":{"line":131,"column":45}},"line":131},"21":{"name":"(anonymous_21)","decl":{"start":{"line":140,"column":8},"end":{"line":140,"column":9}},"loc":{"start":{"line":140,"column":47},"end":{"line":140,"column":65}},"line":140}},"branchMap":{"0":{"loc":{"start":{"line":9,"column":4},"end":{"line":15,"column":5}},"type":"if","locations":[{"start":{"line":9,"column":4},"end":{"line":15,"column":5}},{"start":{},"end":{}}],"line":9},"1":{"loc":{"start":{"line":10,"column":8},"end":{"line":14,"column":9}},"type":"if","locations":[{"start":{"line":10,"column":8},"end":{"line":14,"column":9}},{"start":{"line":12,"column":15},"end":{"line":14,"column":9}}],"line":10},"2":{"loc":{"start":{"line":34,"column":53},"end":{"line":34,"column":73}},"type":"cond-expr","locations":[{"start":{"line":34,"column":66},"end":{"line":34,"column":67}},{"start":{"line":34,"column":70},"end":{"line":34,"column":73}}],"line":34},"3":{"loc":{"start":{"line":47,"column":8},"end":{"line":47,"column":63}},"type":"cond-expr","locations":[{"start":{"line":47,"column":35},"end":{"line":47,"column":54}},{"start":{"line":47,"column":57},"end":{"line":47,"column":63}}],"line":47},"4":{"loc":{"start":{"line":50,"column":53},"end":{"line":50,"column":73}},"type":"cond-expr","locations":[{"start":{"line":50,"column":66},"end":{"line":50,"column":67}},{"start":{"line":50,"column":70},"end":{"line":50,"column":73}}],"line":50},"5":{"loc":{"start":{"line":61,"column":8},"end":{"line":63,"column":21}},"type":"cond-expr","locations":[{"start":{"line":62,"column":14},"end":{"line":62,"column":35}},{"start":{"line":63,"column":14},"end":{"line":63,"column":21}}],"line":61},"6":{"loc":{"start":{"line":90,"column":12},"end":{"line":90,"column":68}},"type":"binary-expr","locations":[{"start":{"line":90,"column":12},"end":{"line":90,"column":27}},{"start":{"line":90,"column":31},"end":{"line":90,"column":47}},{"start":{"line":90,"column":51},"end":{"line":90,"column":68}}],"line":90},"7":{"loc":{"start":{"line":92,"column":4},"end":{"line":94,"column":5}},"type":"if","locations":[{"start":{"line":92,"column":4},"end":{"line":94,"column":5}},{"start":{},"end":{}}],"line":92},"8":{"loc":{"start":{"line":111,"column":4},"end":{"line":115,"column":5}},"type":"if","locations":[{"start":{"line":111,"column":4},"end":{"line":115,"column":5}},{"start":{"line":113,"column":11},"end":{"line":115,"column":5}}],"line":111},"9":{"loc":{"start":{"line":134,"column":4},"end":{"line":138,"column":5}},"type":"if","locations":[{"start":{"line":134,"column":4},"end":{"line":138,"column":5}},{"start":{"line":136,"column":11},"end":{"line":138,"column":5}}],"line":134},"10":{"loc":{"start":{"line":144,"column":4},"end":{"line":149,"column":5}},"type":"if","locations":[{"start":{"line":144,"column":4},"end":{"line":149,"column":5}},{"start":{"line":147,"column":11},"end":{"line":149,"column":5}}],"line":144}},"s":{"0":6,"1":6,"2":5,"3":4,"4":1,"5":6,"6":6,"7":17,"8":6,"9":7,"10":18,"11":7,"12":18,"13":7,"14":1,"15":8,"16":22,"17":8,"18":22,"19":8,"20":22,"21":8,"22":1,"23":6,"24":20,"25":6,"26":20,"27":6,"28":6,"29":22,"30":6,"31":6,"32":9,"33":9,"34":21,"35":9,"36":6,"37":9,"38":5,"39":12,"40":5,"41":5,"42":4,"43":1,"44":5,"45":5,"46":7,"47":17,"48":7,"49":7,"50":2,"51":5,"52":7,"53":15,"54":7,"55":7,"56":2,"57":2,"58":5,"59":7},"f":{"0":6,"1":6,"2":17,"3":7,"4":18,"5":18,"6":8,"7":22,"8":22,"9":22,"10":6,"11":20,"12":20,"13":6,"14":22,"15":9,"16":21,"17":5,"18":12,"19":7,"20":17,"21":15},"b":{"0":[5,1],"1":[4,1],"2":[6,12],"3":[15,7],"4":[4,18],"5":[8,12],"6":[21,12,8],"7":[6,3],"8":[4,1],"9":[2,5],"10":[2,5]},"_coverageSchema":"1a1c01bbd47fc00a2c39e90264f33305004495a9","hash":"7cbb650f27c08cc1b276324cc6a13c39344ba36b"}
,"/Users/sferg/tasks/src/functions.ts": {"path":"/Users/sferg/tasks/src/functions.ts","statementMap":{"0":{"start":{"line":17,"column":23},"end":{"line":17,"column":39}},"1":{"start":{"line":18,"column":4},"end":{"line":18,"column":20}},"2":{"start":{"line":19,"column":4},"end":{"line":19,"column":20}},"3":{"start":{"line":20,"column":4},"end":{"line":20,"column":16}},"4":{"start":{"line":28,"column":14},"end":{"line":28,"column":15}},"5":{"start":{"line":29,"column":4},"end":{"line":31,"column":5}},"6":{"start":{"line":30,"column":8},"end":{"line":30,"column":21}},"7":{"start":{"line":32,"column":4},"end":{"line":34,"column":5}},"8":{"start":{"line":33,"column":8},"end":{"line":33,"column":22}},"9":{"start":{"line":35,"column":4},"end":{"line":37,"column":5}},"10":{"start":{"line":36,"column":8},"end":{"line":36,"column":21}},"11":{"start":{"line":38,"column":4},"end":{"line":38,"column":15}},"12":{"start":{"line":46,"column":31},"end":{"line":46,"column":52}},"13":{"start":{"line":47,"column":33},"end":{"line":47,"column":55}},"14":{"start":{"line":48,"column":4},"end":{"line":48,"column":24}},"15":{"start":{"line":57,"column":8},"end":{"line":57,"column":65}},"16":{"start":{"line":58,"column":4},"end":{"line":58,"column":16}},"17":{"start":{"line":67,"column":15},"end":{"line":67,"column":19}},"18":{"start":{"line":68,"column":16},"end":{"line":68,"column":17}},"19":{"start":{"line":69,"column":4},"end":{"line":78,"column":5}},"20":{"start":{"line":70,"column":8},"end":{"line":70,"column":20}},"21":{"start":{"line":71,"column":8},"end":{"line":71,"column":16}},"22":{"start":{"line":72,"column":11},"end":{"line":78,"column":5}},"23":{"start":{"line":76,"column":8},"end":{"line":76,"column":21}},"24":{"start":{"line":77,"column":8},"end":{"line":77,"column":16}},"25":{"start":{"line":79,"column":4},"end":{"line":83,"column":5}},"26":{"start":{"line":80,"column":8},"end":{"line":80,"column":20}},"27":{"start":{"line":82,"column":8},"end":{"line":82,"column":20}},"28":{"start":{"line":91,"column":14},"end":{"line":91,"column":18}},"29":{"start":{"line":92,"column":4},"end":{"line":94,"column":5}},"30":{"start":{"line":93,"column":8},"end":{"line":93,"column":20}},"31":{"start":{"line":95,"column":4},"end":{"line":95,"column":15}},"32":{"start":{"line":99,"column":4},"end":{"line":99,"column":26}},"33":{"start":{"line":103,"column":15},"end":{"line":103,"column":19}},"34":{"start":{"line":104,"column":28},"end":{"line":104,"column":46}},"35":{"start":{"line":105,"column":4},"end":{"line":107,"column":5}},"36":{"start":{"line":106,"column":8},"end":{"line":106,"column":21}},"37":{"start":{"line":108,"column":4},"end":{"line":108,"column":16}},"38":{"start":{"line":111,"column":0},"end":{"line":176,"column":3}},"39":{"start":{"line":112,"column":4},"end":{"line":120,"column":7}},"40":{"start":{"line":113,"column":8},"end":{"line":113,"column":47}},"41":{"start":{"line":114,"column":8},"end":{"line":114,"column":50}},"42":{"start":{"line":115,"column":8},"end":{"line":115,"column":50}},"43":{"start":{"line":116,"column":8},"end":{"line":116,"column":49}},"44":{"start":{"line":117,"column":8},"end":{"line":117,"column":48}},"45":{"start":{"line":118,"column":8},"end":{"line":118,"column":48}},"46":{"start":{"line":119,"column":8},"end":{"line":119,"column":50}},"47":{"start":{"line":122,"column":4},"end":{"line":129,"column":7}},"48":{"start":{"line":123,"column":8},"end":{"line":123,"column":38}},"49":{"start":{"line":124,"column":8},"end":{"line":124,"column":39}},"50":{"start":{"line":125,"column":8},"end":{"line":125,"column":40}},"51":{"start":{"line":126,"column":8},"end":{"line":126,"column":41}},"52":{"start":{"line":127,"column":8},"end":{"line":127,"column":43}},"53":{"start":{"line":128,"column":8},"end":{"line":128,"column":40}},"54":{"start":{"line":131,"column":4},"end":{"line":138,"column":7}},"55":{"start":{"line":132,"column":8},"end":{"line":132,"column":46}},"56":{"start":{"line":133,"column":8},"end":{"line":133,"column":46}},"57":{"start":{"line":134,"column":8},"end":{"line":134,"column":42}},"58":{"start":{"line":135,"column":8},"end":{"line":135,"column":52}},"59":{"start":{"line":136,"column":8},"end":{"line":136,"column":36}},"60":{"start":{"line":137,"column":8},"end":{"line":137,"column":70}},"61":{"start":{"line":140,"column":4},"end":{"line":148,"column":7}},"62":{"start":{"line":141,"column":8},"end":{"line":141,"column":61}},"63":{"start":{"line":142,"column":8},"end":{"line":142,"column":54}},"64":{"start":{"line":143,"column":8},"end":{"line":143,"column":57}},"65":{"start":{"line":144,"column":8},"end":{"line":144,"column":57}},"66":{"start":{"line":145,"column":8},"end":{"line":145,"column":50}},"67":{"start":{"line":146,"column":8},"end":{"line":146,"column":67}},"68":{"start":{"line":147,"column":8},"end":{"line":147,"column":43}},"69":{"start":{"line":150,"column":4},"end":{"line":160,"column":7}},"70":{"start":{"line":151,"column":8},"end":{"line":151,"column":47}},"71":{"start":{"line":152,"column":8},"end":{"line":152,"column":47}},"72":{"start":{"line":153,"column":8},"end":{"line":153,"column":47}},"73":{"start":{"line":154,"column":8},"end":{"line":154,"column":47}},"74":{"start":{"line":155,"column":8},"end":{"line":155,"column":49}},"75":{"start":{"line":156,"column":8},"end":{"line":156,"column":51}},"76":{"start":{"line":157,"column":8},"end":{"line":157,"column":48}},"77":{"start":{"line":158,"column":8},"end":{"line":158,"column":53}},"78":{"start":{"line":159,"column":8},"end":{"line":159,"column":49}},"79":{"start":{"line":162,"column":4},"end":{"line":165,"column":7}},"80":{"start":{"line":163,"column":8},"end":{"line":163,"column":36}},"81":{"start":{"line":164,"column":8},"end":{"line":164,"column":38}},"82":{"start":{"line":167,"column":4},"end":{"line":170,"column":7}},"83":{"start":{"line":168,"column":8},"end":{"line":168,"column":38}},"84":{"start":{"line":169,"column":8},"end":{"line":169,"column":46}},"85":{"start":{"line":172,"column":4},"end":{"line":175,"column":7}},"86":{"start":{"line":173,"column":8},"end":{"line":173,"column":43}},"87":{"start":{"line":174,"column":8},"end":{"line":174,"column":52}}},"fnMap":{"0":{"name":"fahrenheitToCelius","decl":{"start":{"line":16,"column":16},"end":{"line":16,"column":34}},"loc":{"start":{"line":16,"column":64},"end":{"line":21,"column":1}},"line":16},"1":{"name":"add3","decl":{"start":{"line":27,"column":16},"end":{"line":27,"column":20}},"loc":{"start":{"line":27,"column":75},"end":{"line":39,"column":1}},"line":27},"2":{"name":"shout","decl":{"start":{"line":45,"column":16},"end":{"line":45,"column":21}},"loc":{"start":{"line":45,"column":47},"end":{"line":49,"column":1}},"line":45},"3":{"name":"isQuestion","decl":{"start":{"line":55,"column":16},"end":{"line":55,"column":26}},"loc":{"start":{"line":55,"column":53},"end":{"line":59,"column":1}},"line":55},"4":{"name":"convertYesNo","decl":{"start":{"line":66,"column":16},"end":{"line":66,"column":28}},"loc":{"start":{"line":66,"column":59},"end":{"line":84,"column":1}},"line":66},"5":{"name":"isOdd","decl":{"start":{"line":90,"column":16},"end":{"line":90,"column":21}},"loc":{"start":{"line":90,"column":44},"end":{"line":96,"column":1}},"line":90},"6":{"name":"start","decl":{"start":{"line":98,"column":16},"end":{"line":98,"column":21}},"loc":{"start":{"line":98,"column":44},"end":{"line":100,"column":1}},"line":98},"7":{"name":"checkCaps","decl":{"start":{"line":102,"column":16},"end":{"line":102,"column":25}},"loc":{"start":{"line":102,"column":49},"end":{"line":109,"column":1}},"line":102},"8":{"name":"(anonymous_8)","decl":{"start":{"line":111,"column":40},"end":{"line":111,"column":41}},"loc":{"start":{"line":111,"column":46},"end":{"line":176,"column":1}},"line":111},"9":{"name":"(anonymous_9)","decl":{"start":{"line":112,"column":52},"end":{"line":112,"column":53}},"loc":{"start":{"line":112,"column":58},"end":{"line":120,"column":5}},"line":112},"10":{"name":"(anonymous_10)","decl":{"start":{"line":122,"column":38},"end":{"line":122,"column":39}},"loc":{"start":{"line":122,"column":44},"end":{"line":129,"column":5}},"line":122},"11":{"name":"(anonymous_11)","decl":{"start":{"line":131,"column":39},"end":{"line":131,"column":40}},"loc":{"start":{"line":131,"column":45},"end":{"line":138,"column":5}},"line":131},"12":{"name":"(anonymous_12)","decl":{"start":{"line":140,"column":44},"end":{"line":140,"column":45}},"loc":{"start":{"line":140,"column":50},"end":{"line":148,"column":5}},"line":140},"13":{"name":"(anonymous_13)","decl":{"start":{"line":150,"column":46},"end":{"line":150,"column":47}},"loc":{"start":{"line":150,"column":52},"end":{"line":160,"column":5}},"line":150},"14":{"name":"(anonymous_14)","decl":{"start":{"line":162,"column":39},"end":{"line":162,"column":40}},"loc":{"start":{"line":162,"column":45},"end":{"line":165,"column":5}},"line":162},"15":{"name":"(anonymous_15)","decl":{"start":{"line":167,"column":40},"end":{"line":167,"column":41}},"loc":{"start":{"line":167,"column":46},"end":{"line":170,"column":5}},"line":167},"16":{"name":"(anonymous_16)","decl":{"start":{"line":172,"column":43},"end":{"line":172,"column":44}},"loc":{"start":{"line":172,"column":49},"end":{"line":175,"column":5}},"line":172}},"branchMap":{"0":{"loc":{"start":{"line":29,"column":4},"end":{"line":31,"column":5}},"type":"if","locations":[{"start":{"line":29,"column":4},"end":{"line":31,"column":5}},{"start":{},"end":{}}],"line":29},"1":{"loc":{"start":{"line":32,"column":4},"end":{"line":34,"column":5}},"type":"if","locations":[{"start":{"line":32,"column":4},"end":{"line":34,"column":5}},{"start":{},"end":{}}],"line":32},"2":{"loc":{"start":{"line":35,"column":4},"end":{"line":37,"column":5}},"type":"if","locations":[{"start":{"line":35,"column":4},"end":{"line":37,"column":5}},{"start":{},"end":{}}],"line":35},"3":{"loc":{"start":{"line":57,"column":8},"end":{"line":57,"column":65}},"type":"cond-expr","locations":[{"start":{"line":57,"column":53},"end":{"line":57,"column":57}},{"start":{"line":57,"column":60},"end":{"line":57,"column":65}}],"line":57},"4":{"loc":{"start":{"line":69,"column":4},"end":{"line":78,"column":5}},"type":"if","locations":[{"start":{"line":69,"column":4},"end":{"line":78,"column":5}},{"start":{"line":72,"column":11},"end":{"line":78,"column":5}}],"line":69},"5":{"loc":{"start":{"line":69,"column":8},"end":{"line":69,"column":74}},"type":"binary-expr","locations":[{"start":{"line":69,"column":8},"end":{"line":69,"column":39}},{"start":{"line":69,"column":43},"end":{"line":69,"column":74}}],"line":69},"6":{"loc":{"start":{"line":72,"column":11},"end":{"line":78,"column":5}},"type":"if","locations":[{"start":{"line":72,"column":11},"end":{"line":78,"column":5}},{"start":{},"end":{}}],"line":72},"7":{"loc":{"start":{"line":73,"column":8},"end":{"line":74,"column":38}},"type":"binary-expr","locations":[{"start":{"line":73,"column":8},"end":{"line":73,"column":38}},{"start":{"line":74,"column":8},"end":{"line":74,"column":38}}],"line":73},"8":{"loc":{"start":{"line":79,"column":4},"end":{"line":83,"column":5}},"type":"if","locations":[{"start":{"line":79,"column":4},"end":{"line":83,"column":5}},{"start":{"line":81,"column":11},"end":{"line":83,"column":5}}],"line":79},"9":{"loc":{"start":{"line":92,"column":4},"end":{"line":94,"column":5}},"type":"if","locations":[{"start":{"line":92,"column":4},"end":{"line":94,"column":5}},{"start":{},"end":{}}],"line":92},"10":{"loc":{"start":{"line":105,"column":4},"end":{"line":107,"column":5}},"type":"if","locations":[{"start":{"line":105,"column":4},"end":{"line":107,"column":5}},{"start":{},"end":{}}],"line":105}},"s":{"0":14,"1":14,"2":14,"3":14,"4":12,"5":12,"6":8,"7":12,"8":6,"9":12,"10":8,"11":12,"12":12,"13":12,"14":12,"15":14,"16":14,"17":18,"18":18,"19":18,"20":4,"21":4,"22":14,"23":4,"24":4,"25":18,"26":8,"27":10,"28":4,"29":4,"30":2,"31":4,"32":4,"33":4,"34":4,"35":4,"36":2,"37":4,"38":1,"39":1,"40":1,"41":1,"42":1,"43":1,"44":1,"45":1,"46":1,"47":1,"48":1,"49":1,"50":1,"51":1,"52":1,"53":1,"54":1,"55":1,"56":1,"57":1,"58":1,"59":1,"60":1,"61":1,"62":1,"63":1,"64":1,"65":1,"66":1,"67":1,"68":1,"69":1,"70":1,"71":1,"72":1,"73":1,"74":1,"75":1,"76":1,"77":1,"78":1,"79":1,"80":1,"81":1,"82":1,"83":1,"84":1,"85":1,"86":1,"87":1},"f":{"0":14,"1":12,"2":12,"3":14,"4":18,"5":4,"6":4,"7":4,"8":1,"9":1,"10":1,"11":1,"12":1,"13":1,"14":1,"15":1,"16":1},"b":{"0":[8,4],"1":[6,6],"2":[8,4],"3":[6,8],"4":[4,14],"5":[18,16],"6":[4,10],"7":[14,12],"8":[8,10],"9":[2,2],"10":[2,2]},"_coverageSchema":"1a1c01bbd47fc00a2c39e90264f33305004495a9","hash":"4c7fdc3164942e658e67978e19c78673ee20a374"}
,"/Users/sferg/tasks/src/nested.ts": {"path":"/Users/sferg/tasks/src/nested.ts","statementMap":{"0":{"start":{"line":10,"column":31},"end":{"line":12,"column":5}},"1":{"start":{"line":11,"column":41},"end":{"line":11,"column":59}},"2":{"start":{"line":13,"column":4},"end":{"line":13,"column":30}},"3":{"start":{"line":22,"column":30},"end":{"line":27,"column":5}},"4":{"start":{"line":24,"column":12},"end":{"line":26,"column":40}},"5":{"start":{"line":28,"column":4},"end":{"line":28,"column":29}},"6":{"start":{"line":39,"column":26},"end":{"line":41,"column":5}},"7":{"start":{"line":40,"column":41},"end":{"line":40,"column":59}},"8":{"start":{"line":42,"column":4},"end":{"line":44,"column":5}},"9":{"start":{"line":43,"column":8},"end":{"line":43,"column":20}},"10":{"start":{"line":45,"column":4},"end":{"line":45,"column":25}},"11":{"start":{"line":53,"column":26},"end":{"line":55,"column":5}},"12":{"start":{"line":54,"column":41},"end":{"line":54,"column":59}},"13":{"start":{"line":56,"column":25},"end":{"line":56,"column":39}},"14":{"start":{"line":57,"column":16},"end":{"line":57,"column":17}},"15":{"start":{"line":58,"column":4},"end":{"line":60,"column":5}},"16":{"start":{"line":59,"column":8},"end":{"line":59,"column":49}},"17":{"start":{"line":61,"column":4},"end":{"line":61,"column":34}},"18":{"start":{"line":62,"column":4},"end":{"line":62,"column":24}},"19":{"start":{"line":70,"column":26},"end":{"line":72,"column":5}},"20":{"start":{"line":71,"column":40},"end":{"line":71,"column":53}},"21":{"start":{"line":73,"column":4},"end":{"line":73,"column":25}},"22":{"start":{"line":80,"column":24},"end":{"line":84,"column":5}},"23":{"start":{"line":82,"column":12},"end":{"line":82,"column":40}},"24":{"start":{"line":85,"column":4},"end":{"line":85,"column":23}},"25":{"start":{"line":92,"column":31},"end":{"line":94,"column":5}},"26":{"start":{"line":93,"column":41},"end":{"line":93,"column":59}},"27":{"start":{"line":95,"column":24},"end":{"line":99,"column":5}},"28":{"start":{"line":97,"column":12},"end":{"line":97,"column":40}},"29":{"start":{"line":100,"column":4},"end":{"line":100,"column":23}},"30":{"start":{"line":121,"column":22},"end":{"line":121,"column":58}},"31":{"start":{"line":122,"column":4},"end":{"line":127,"column":20}},"32":{"start":{"line":125,"column":16},"end":{"line":125,"column":117}},"33":{"start":{"line":128,"column":4},"end":{"line":128,"column":23}},"34":{"start":{"line":137,"column":30},"end":{"line":144,"column":6}},"35":{"start":{"line":138,"column":8},"end":{"line":143,"column":10}},"36":{"start":{"line":145,"column":4},"end":{"line":145,"column":19}},"37":{"start":{"line":153,"column":4},"end":{"line":158,"column":6}},"38":{"start":{"line":154,"column":43},"end":{"line":157,"column":9}},"39":{"start":{"line":167,"column":8},"end":{"line":171,"column":9}},"40":{"start":{"line":168,"column":12},"end":{"line":168,"column":24}},"41":{"start":{"line":170,"column":12},"end":{"line":170,"column":57}},"42":{"start":{"line":173,"column":4},"end":{"line":173,"column":39}},"43":{"start":{"line":187,"column":4},"end":{"line":187,"column":61}},"44":{"start":{"line":200,"column":4},"end":{"line":205,"column":6}},"45":{"start":{"line":201,"column":43},"end":{"line":204,"column":9}},"46":{"start":{"line":220,"column":4},"end":{"line":230,"column":6}},"47":{"start":{"line":221,"column":43},"end":{"line":229,"column":9}},"48":{"start":{"line":254,"column":35},"end":{"line":254,"column":37}},"49":{"start":{"line":255,"column":8},"end":{"line":260,"column":9}},"50":{"start":{"line":256,"column":12},"end":{"line":256,"column":49}},"51":{"start":{"line":258,"column":12},"end":{"line":258,"column":38}},"52":{"start":{"line":259,"column":12},"end":{"line":259,"column":51}},"53":{"start":{"line":261,"column":8},"end":{"line":261,"column":26}},"54":{"start":{"line":263,"column":25},"end":{"line":271,"column":5}},"55":{"start":{"line":264,"column":43},"end":{"line":270,"column":9}},"56":{"start":{"line":272,"column":4},"end":{"line":272,"column":24}},"57":{"start":{"line":286,"column":18},"end":{"line":286,"column":76}},"58":{"start":{"line":286,"column":46},"end":{"line":286,"column":57}},"59":{"start":{"line":287,"column":25},"end":{"line":287,"column":39}},"60":{"start":{"line":288,"column":4},"end":{"line":292,"column":6}},"61":{"start":{"line":293,"column":27},"end":{"line":298,"column":5}},"62":{"start":{"line":294,"column":43},"end":{"line":297,"column":9}},"63":{"start":{"line":299,"column":4},"end":{"line":299,"column":26}}},"fnMap":{"0":{"name":"getPublishedQuestions","decl":{"start":{"line":9,"column":16},"end":{"line":9,"column":37}},"loc":{"start":{"line":9,"column":73},"end":{"line":14,"column":1}},"line":9},"1":{"name":"(anonymous_1)","decl":{"start":{"line":11,"column":8},"end":{"line":11,"column":9}},"loc":{"start":{"line":11,"column":41},"end":{"line":11,"column":59}},"line":11},"2":{"name":"getNonEmptyQuestions","decl":{"start":{"line":21,"column":16},"end":{"line":21,"column":36}},"loc":{"start":{"line":21,"column":72},"end":{"line":29,"column":1}},"line":21},"3":{"name":"(anonymous_3)","decl":{"start":{"line":23,"column":8},"end":{"line":23,"column":9}},"loc":{"start":{"line":24,"column":12},"end":{"line":26,"column":40}},"line":24},"4":{"name":"findQuestion","decl":{"start":{"line":35,"column":16},"end":{"line":35,"column":28}},"loc":{"start":{"line":38,"column":19},"end":{"line":46,"column":1}},"line":38},"5":{"name":"(anonymous_5)","decl":{"start":{"line":40,"column":8},"end":{"line":40,"column":9}},"loc":{"start":{"line":40,"column":41},"end":{"line":40,"column":59}},"line":40},"6":{"name":"removeQuestion","decl":{"start":{"line":52,"column":16},"end":{"line":52,"column":30}},"loc":{"start":{"line":52,"column":78},"end":{"line":63,"column":1}},"line":52},"7":{"name":"(anonymous_7)","decl":{"start":{"line":54,"column":8},"end":{"line":54,"column":9}},"loc":{"start":{"line":54,"column":41},"end":{"line":54,"column":59}},"line":54},"8":{"name":"getNames","decl":{"start":{"line":69,"column":16},"end":{"line":69,"column":24}},"loc":{"start":{"line":69,"column":58},"end":{"line":74,"column":1}},"line":69},"9":{"name":"(anonymous_9)","decl":{"start":{"line":71,"column":8},"end":{"line":71,"column":9}},"loc":{"start":{"line":71,"column":40},"end":{"line":71,"column":53}},"line":71},"10":{"name":"sumPoints","decl":{"start":{"line":79,"column":16},"end":{"line":79,"column":25}},"loc":{"start":{"line":79,"column":57},"end":{"line":86,"column":1}},"line":79},"11":{"name":"(anonymous_11)","decl":{"start":{"line":81,"column":8},"end":{"line":81,"column":9}},"loc":{"start":{"line":82,"column":12},"end":{"line":82,"column":40}},"line":82},"12":{"name":"sumPublishedPoints","decl":{"start":{"line":91,"column":16},"end":{"line":91,"column":34}},"loc":{"start":{"line":91,"column":66},"end":{"line":101,"column":1}},"line":91},"13":{"name":"(anonymous_13)","decl":{"start":{"line":93,"column":8},"end":{"line":93,"column":9}},"loc":{"start":{"line":93,"column":41},"end":{"line":93,"column":59}},"line":93},"14":{"name":"(anonymous_14)","decl":{"start":{"line":96,"column":8},"end":{"line":96,"column":9}},"loc":{"start":{"line":97,"column":12},"end":{"line":97,"column":40}},"line":97},"15":{"name":"toCSV","decl":{"start":{"line":120,"column":16},"end":{"line":120,"column":21}},"loc":{"start":{"line":120,"column":53},"end":{"line":129,"column":1}},"line":120},"16":{"name":"(anonymous_16)","decl":{"start":{"line":124,"column":12},"end":{"line":124,"column":13}},"loc":{"start":{"line":125,"column":16},"end":{"line":125,"column":117}},"line":125},"17":{"name":"makeAnswers","decl":{"start":{"line":136,"column":16},"end":{"line":136,"column":27}},"loc":{"start":{"line":136,"column":61},"end":{"line":146,"column":1}},"line":136},"18":{"name":"(anonymous_18)","decl":{"start":{"line":137,"column":44},"end":{"line":137,"column":45}},"loc":{"start":{"line":137,"column":58},"end":{"line":144,"column":5}},"line":137},"19":{"name":"publishAll","decl":{"start":{"line":152,"column":16},"end":{"line":152,"column":26}},"loc":{"start":{"line":152,"column":62},"end":{"line":159,"column":1}},"line":152},"20":{"name":"(anonymous_20)","decl":{"start":{"line":154,"column":8},"end":{"line":154,"column":9}},"loc":{"start":{"line":154,"column":43},"end":{"line":157,"column":9}},"line":154},"21":{"name":"sameType","decl":{"start":{"line":165,"column":16},"end":{"line":165,"column":24}},"loc":{"start":{"line":165,"column":57},"end":{"line":174,"column":1}},"line":165},"22":{"name":"isSameType","decl":{"start":{"line":166,"column":13},"end":{"line":166,"column":23}},"loc":{"start":{"line":166,"column":76},"end":{"line":172,"column":5}},"line":166},"23":{"name":"addNewQuestion","decl":{"start":{"line":181,"column":16},"end":{"line":181,"column":30}},"loc":{"start":{"line":186,"column":14},"end":{"line":188,"column":1}},"line":186},"24":{"name":"renameQuestionById","decl":{"start":{"line":195,"column":16},"end":{"line":195,"column":34}},"loc":{"start":{"line":199,"column":14},"end":{"line":206,"column":1}},"line":199},"25":{"name":"(anonymous_25)","decl":{"start":{"line":201,"column":8},"end":{"line":201,"column":9}},"loc":{"start":{"line":201,"column":43},"end":{"line":204,"column":9}},"line":201},"26":{"name":"changeQuestionTypeById","decl":{"start":{"line":215,"column":16},"end":{"line":215,"column":38}},"loc":{"start":{"line":219,"column":14},"end":{"line":231,"column":1}},"line":219},"27":{"name":"(anonymous_27)","decl":{"start":{"line":221,"column":8},"end":{"line":221,"column":9}},"loc":{"start":{"line":221,"column":43},"end":{"line":229,"column":9}},"line":221},"28":{"name":"editOption","decl":{"start":{"line":243,"column":16},"end":{"line":243,"column":26}},"loc":{"start":{"line":248,"column":14},"end":{"line":273,"column":1}},"line":248},"29":{"name":"insert","decl":{"start":{"line":249,"column":13},"end":{"line":249,"column":19}},"loc":{"start":{"line":253,"column":16},"end":{"line":262,"column":5}},"line":253},"30":{"name":"(anonymous_30)","decl":{"start":{"line":264,"column":8},"end":{"line":264,"column":9}},"loc":{"start":{"line":264,"column":43},"end":{"line":270,"column":9}},"line":264},"31":{"name":"duplicateQuestionInArray","decl":{"start":{"line":281,"column":16},"end":{"line":281,"column":40}},"loc":{"start":{"line":285,"column":14},"end":{"line":300,"column":1}},"line":285},"32":{"name":"(anonymous_32)","decl":{"start":{"line":286,"column":32},"end":{"line":286,"column":33}},"loc":{"start":{"line":286,"column":46},"end":{"line":286,"column":57}},"line":286},"33":{"name":"(anonymous_33)","decl":{"start":{"line":294,"column":8},"end":{"line":294,"column":9}},"loc":{"start":{"line":294,"column":43},"end":{"line":297,"column":9}},"line":294}},"branchMap":{"0":{"loc":{"start":{"line":24,"column":12},"end":{"line":26,"column":40}},"type":"binary-expr","locations":[{"start":{"line":24,"column":12},"end":{"line":24,"column":31}},{"start":{"line":25,"column":12},"end":{"line":25,"column":35}},{"start":{"line":26,"column":12},"end":{"line":26,"column":40}}],"line":24},"1":{"loc":{"start":{"line":42,"column":4},"end":{"line":44,"column":5}},"type":"if","locations":[{"start":{"line":42,"column":4},"end":{"line":44,"column":5}},{"start":{},"end":{}}],"line":42},"2":{"loc":{"start":{"line":58,"column":4},"end":{"line":60,"column":5}},"type":"if","locations":[{"start":{"line":58,"column":4},"end":{"line":60,"column":5}},{"start":{},"end":{}}],"line":58},"3":{"loc":{"start":{"line":167,"column":8},"end":{"line":171,"column":9}},"type":"if","locations":[{"start":{"line":167,"column":8},"end":{"line":171,"column":9}},{"start":{"line":169,"column":15},"end":{"line":171,"column":9}}],"line":167},"4":{"loc":{"start":{"line":203,"column":18},"end":{"line":203,"column":68}},"type":"cond-expr","locations":[{"start":{"line":203,"column":45},"end":{"line":203,"column":52}},{"start":{"line":203,"column":55},"end":{"line":203,"column":68}}],"line":203},"5":{"loc":{"start":{"line":223,"column":18},"end":{"line":223,"column":76}},"type":"cond-expr","locations":[{"start":{"line":223,"column":45},"end":{"line":223,"column":60}},{"start":{"line":223,"column":63},"end":{"line":223,"column":76}}],"line":223},"6":{"loc":{"start":{"line":225,"column":16},"end":{"line":228,"column":43}},"type":"cond-expr","locations":[{"start":{"line":227,"column":22},"end":{"line":227,"column":24}},{"start":{"line":228,"column":22},"end":{"line":228,"column":43}}],"line":225},"7":{"loc":{"start":{"line":225,"column":16},"end":{"line":226,"column":40}},"type":"binary-expr","locations":[{"start":{"line":225,"column":16},"end":{"line":225,"column":62}},{"start":{"line":226,"column":16},"end":{"line":226,"column":40}}],"line":225},"8":{"loc":{"start":{"line":255,"column":8},"end":{"line":260,"column":9}},"type":"if","locations":[{"start":{"line":255,"column":8},"end":{"line":260,"column":9}},{"start":{"line":257,"column":15},"end":{"line":260,"column":9}}],"line":255},"9":{"loc":{"start":{"line":267,"column":16},"end":{"line":269,"column":43}},"type":"cond-expr","locations":[{"start":{"line":268,"column":22},"end":{"line":268,"column":76}},{"start":{"line":269,"column":22},"end":{"line":269,"column":43}}],"line":267},"10":{"loc":{"start":{"line":296,"column":16},"end":{"line":296,"column":78}},"type":"cond-expr","locations":[{"start":{"line":296,"column":59},"end":{"line":296,"column":64}},{"start":{"line":296,"column":67},"end":{"line":296,"column":78}}],"line":296}},"s":{"0":5,"1":20,"2":5,"3":5,"4":20,"5":5,"6":11,"7":24,"8":11,"9":3,"10":8,"11":5,"12":13,"13":5,"14":5,"15":5,"16":5,"17":5,"18":5,"19":5,"20":20,"21":5,"22":5,"23":20,"24":5,"25":5,"26":20,"27":5,"28":11,"29":5,"30":5,"31":5,"32":20,"33":5,"34":5,"35":20,"36":5,"37":5,"38":20,"39":17,"40":5,"41":12,"42":6,"43":3,"44":3,"45":10,"46":4,"47":12,"48":5,"49":5,"50":3,"51":2,"52":2,"53":5,"54":5,"55":18,"56":5,"57":3,"58":9,"59":3,"60":3,"61":3,"62":12,"63":3},"f":{"0":5,"1":20,"2":5,"3":20,"4":11,"5":24,"6":5,"7":13,"8":5,"9":20,"10":5,"11":20,"12":5,"13":20,"14":11,"15":5,"16":20,"17":5,"18":20,"19":5,"20":20,"21":6,"22":17,"23":3,"24":3,"25":10,"26":4,"27":12,"28":5,"29":5,"30":18,"31":3,"32":9,"33":12},"b":{"0":[20,6,4],"1":[3,8],"2":[5,0],"3":[5,12],"4":[3,7],"5":[4,8],"6":[3,9],"7":[12,9],"8":[3,2],"9":[5,13],"10":[3,9]},"_coverageSchema":"1a1c01bbd47fc00a2c39e90264f33305004495a9","hash":"8d9520a93fd0cf20218f8ba874ac9681561c6761"}
,"/Users/sferg/tasks/src/objects.ts": {"path":"/Users/sferg/tasks/src/objects.ts","statementMap":{"0":{"start":{"line":13,"column":4},"end":{"line":22,"column":6}},"1":{"start":{"line":33,"column":15},"end":{"line":33,"column":20}},"2":{"start":{"line":34,"column":26},"end":{"line":34,"column":39}},"3":{"start":{"line":35,"column":24},"end":{"line":35,"column":51}},"4":{"start":{"line":36,"column":26},"end":{"line":36,"column":57}},"5":{"start":{"line":37,"column":4},"end":{"line":37,"column":41}},"6":{"start":{"line":38,"column":4},"end":{"line":38,"column":16}},"7":{"start":{"line":48,"column":15},"end":{"line":48,"column":20}},"8":{"start":{"line":49,"column":4},"end":{"line":53,"column":5}},"9":{"start":{"line":50,"column":8},"end":{"line":50,"column":20}},"10":{"start":{"line":51,"column":11},"end":{"line":53,"column":5}},"11":{"start":{"line":52,"column":8},"end":{"line":52,"column":20}},"12":{"start":{"line":54,"column":4},"end":{"line":54,"column":16}},"13":{"start":{"line":64,"column":15},"end":{"line":64,"column":44}},"14":{"start":{"line":65,"column":20},"end":{"line":65,"column":55}},"15":{"start":{"line":66,"column":4},"end":{"line":66,"column":19}},"16":{"start":{"line":87,"column":18},"end":{"line":87,"column":38}},"17":{"start":{"line":88,"column":18},"end":{"line":88,"column":46}},"18":{"start":{"line":89,"column":4},"end":{"line":91,"column":5}},"19":{"start":{"line":90,"column":8},"end":{"line":90,"column":21}},"20":{"start":{"line":92,"column":18},"end":{"line":92,"column":59}},"21":{"start":{"line":93,"column":18},"end":{"line":93,"column":59}},"22":{"start":{"line":94,"column":18},"end":{"line":94,"column":59}},"23":{"start":{"line":95,"column":4},"end":{"line":97,"column":5}},"24":{"start":{"line":96,"column":8},"end":{"line":96,"column":21}},"25":{"start":{"line":98,"column":18},"end":{"line":98,"column":59}},"26":{"start":{"line":99,"column":4},"end":{"line":99,"column":17}},"27":{"start":{"line":107,"column":24},"end":{"line":110,"column":5}},"28":{"start":{"line":111,"column":4},"end":{"line":111,"column":23}},"29":{"start":{"line":121,"column":4},"end":{"line":131,"column":5}},"30":{"start":{"line":122,"column":8},"end":{"line":125,"column":10}},"31":{"start":{"line":127,"column":8},"end":{"line":130,"column":10}},"32":{"start":{"line":132,"column":4},"end":{"line":132,"column":23}},"33":{"start":{"line":142,"column":24},"end":{"line":147,"column":5}},"34":{"start":{"line":148,"column":4},"end":{"line":148,"column":23}},"35":{"start":{"line":159,"column":24},"end":{"line":162,"column":5}},"36":{"start":{"line":163,"column":4},"end":{"line":163,"column":23}},"37":{"start":{"line":180,"column":4},"end":{"line":186,"column":6}}},"fnMap":{"0":{"name":"makeBlankQuestion","decl":{"start":{"line":8,"column":16},"end":{"line":8,"column":33}},"loc":{"start":{"line":12,"column":12},"end":{"line":23,"column":1}},"line":12},"1":{"name":"isCorrect","decl":{"start":{"line":32,"column":16},"end":{"line":32,"column":25}},"loc":{"start":{"line":32,"column":71},"end":{"line":39,"column":1}},"line":32},"2":{"name":"isValid","decl":{"start":{"line":47,"column":16},"end":{"line":47,"column":23}},"loc":{"start":{"line":47,"column":69},"end":{"line":55,"column":1}},"line":47},"3":{"name":"toShortForm","decl":{"start":{"line":63,"column":16},"end":{"line":63,"column":27}},"loc":{"start":{"line":63,"column":56},"end":{"line":67,"column":1}},"line":63},"4":{"name":"toMarkdown","decl":{"start":{"line":86,"column":16},"end":{"line":86,"column":26}},"loc":{"start":{"line":86,"column":55},"end":{"line":100,"column":1}},"line":86},"5":{"name":"renameQuestion","decl":{"start":{"line":106,"column":16},"end":{"line":106,"column":30}},"loc":{"start":{"line":106,"column":78},"end":{"line":112,"column":1}},"line":106},"6":{"name":"publishQuestion","decl":{"start":{"line":119,"column":16},"end":{"line":119,"column":31}},"loc":{"start":{"line":119,"column":62},"end":{"line":133,"column":1}},"line":119},"7":{"name":"duplicateQuestion","decl":{"start":{"line":141,"column":16},"end":{"line":141,"column":33}},"loc":{"start":{"line":141,"column":79},"end":{"line":149,"column":1}},"line":141},"8":{"name":"addOption","decl":{"start":{"line":158,"column":16},"end":{"line":158,"column":25}},"loc":{"start":{"line":158,"column":75},"end":{"line":164,"column":1}},"line":158},"9":{"name":"mergeQuestion","decl":{"start":{"line":174,"column":16},"end":{"line":174,"column":29}},"loc":{"start":{"line":179,"column":12},"end":{"line":187,"column":1}},"line":179}},"branchMap":{"0":{"loc":{"start":{"line":49,"column":4},"end":{"line":53,"column":5}},"type":"if","locations":[{"start":{"line":49,"column":4},"end":{"line":53,"column":5}},{"start":{"line":51,"column":11},"end":{"line":53,"column":5}}],"line":49},"1":{"loc":{"start":{"line":51,"column":11},"end":{"line":53,"column":5}},"type":"if","locations":[{"start":{"line":51,"column":11},"end":{"line":53,"column":5}},{"start":{},"end":{}}],"line":51},"2":{"loc":{"start":{"line":89,"column":4},"end":{"line":91,"column":5}},"type":"if","locations":[{"start":{"line":89,"column":4},"end":{"line":91,"column":5}},{"start":{},"end":{}}],"line":89},"3":{"loc":{"start":{"line":95,"column":4},"end":{"line":97,"column":5}},"type":"if","locations":[{"start":{"line":95,"column":4},"end":{"line":97,"column":5}},{"start":{},"end":{}}],"line":95},"4":{"loc":{"start":{"line":121,"column":4},"end":{"line":131,"column":5}},"type":"if","locations":[{"start":{"line":121,"column":4},"end":{"line":131,"column":5}},{"start":{"line":126,"column":11},"end":{"line":131,"column":5}}],"line":121}},"s":{"0":6,"1":14,"2":14,"3":14,"4":14,"5":14,"6":14,"7":18,"8":18,"9":8,"10":10,"11":6,"12":18,"13":5,"14":5,"15":5,"16":4,"17":4,"18":4,"19":2,"20":2,"21":2,"22":2,"23":2,"24":2,"25":0,"26":0,"27":2,"28":2,"29":4,"30":2,"31":2,"32":4,"33":5,"34":5,"35":2,"36":2,"37":2},"f":{"0":6,"1":14,"2":18,"3":5,"4":4,"5":2,"6":4,"7":5,"8":2,"9":2},"b":{"0":[8,10],"1":[6,4],"2":[2,2],"3":[2,0],"4":[2,2]},"_coverageSchema":"1a1c01bbd47fc00a2c39e90264f33305004495a9","hash":"12cc16ba358805ff1618c1671c77a07bc628be7b"}
,"/Users/sferg/tasks/src/bad-components/ChooseTeam.tsx": {"path":"/Users/sferg/tasks/src/bad-components/ChooseTeam.tsx","statementMap":{"0":{"start":{"line":4,"column":15},"end":{"line":11,"column":1}},"1":{"start":{"line":14,"column":43},"end":{"line":14,"column":69}},"2":{"start":{"line":15,"column":28},"end":{"line":15,"column":50}},"3":{"start":{"line":17,"column":8},"end":{"line":20,"column":9}},"4":{"start":{"line":18,"column":28},"end":{"line":18,"column":48}},"5":{"start":{"line":19,"column":12},"end":{"line":19,"column":29}},"6":{"start":{"line":24,"column":8},"end":{"line":24,"column":20}},"7":{"start":{"line":27,"column":4},"end":{"line":53,"column":6}},"8":{"start":{"line":33,"column":24},"end":{"line":41,"column":30}},"9":{"start":{"line":36,"column":47},"end":{"line":36,"column":67}},"10":{"start":{"line":47,"column":24},"end":{"line":47,"column":54}},"11":{"start":{"line":49,"column":43},"end":{"line":49,"column":54}}},"fnMap":{"0":{"name":"ChooseTeam","decl":{"start":{"line":13,"column":16},"end":{"line":13,"column":26}},"loc":{"start":{"line":13,"column":42},"end":{"line":54,"column":1}},"line":13},"1":{"name":"chooseMember","decl":{"start":{"line":16,"column":13},"end":{"line":16,"column":25}},"loc":{"start":{"line":16,"column":45},"end":{"line":21,"column":5}},"line":16},"2":{"name":"clearTeam","decl":{"start":{"line":23,"column":13},"end":{"line":23,"column":22}},"loc":{"start":{"line":23,"column":25},"end":{"line":25,"column":5}},"line":23},"3":{"name":"(anonymous_3)","decl":{"start":{"line":32,"column":36},"end":{"line":32,"column":37}},"loc":{"start":{"line":33,"column":24},"end":{"line":41,"column":30}},"line":33},"4":{"name":"(anonymous_4)","decl":{"start":{"line":36,"column":41},"end":{"line":36,"column":42}},"loc":{"start":{"line":36,"column":47},"end":{"line":36,"column":67}},"line":36},"5":{"name":"(anonymous_5)","decl":{"start":{"line":46,"column":30},"end":{"line":46,"column":31}},"loc":{"start":{"line":47,"column":24},"end":{"line":47,"column":54}},"line":47},"6":{"name":"(anonymous_6)","decl":{"start":{"line":49,"column":37},"end":{"line":49,"column":38}},"loc":{"start":{"line":49,"column":43},"end":{"line":49,"column":54}},"line":49}},"branchMap":{"0":{"loc":{"start":{"line":17,"column":8},"end":{"line":20,"column":9}},"type":"if","locations":[{"start":{"line":17,"column":8},"end":{"line":20,"column":9}},{"start":{},"end":{}}],"line":17}},"s":{"0":2,"1":17,"2":17,"3":9,"4":9,"5":9,"6":1,"7":17,"8":102,"9":9,"10":15,"11":1},"f":{"0":17,"1":9,"2":1,"3":102,"4":9,"5":15,"6":1},"b":{"0":[9,0]},"_coverageSchema":"1a1c01bbd47fc00a2c39e90264f33305004495a9","hash":"ee30593e90788393c84f63f6802e24ff729411f2"}
,"/Users/sferg/tasks/src/bad-components/ColoredBox.tsx": {"path":"/Users/sferg/tasks/src/bad-components/ColoredBox.tsx","statementMap":{"0":{"start":{"line":4,"column":22},"end":{"line":4,"column":46}},"1":{"start":{"line":5,"column":28},"end":{"line":5,"column":29}},"2":{"start":{"line":21,"column":4},"end":{"line":25,"column":6}},"3":{"start":{"line":22,"column":31},"end":{"line":22,"column":78}},"4":{"start":{"line":29,"column":4},"end":{"line":41,"column":6}},"5":{"start":{"line":45,"column":40},"end":{"line":45,"column":77}},"6":{"start":{"line":46,"column":4},"end":{"line":61,"column":6}}},"fnMap":{"0":{"name":"ChangeColor","decl":{"start":{"line":17,"column":9},"end":{"line":17,"column":20}},"loc":{"start":{"line":20,"column":34},"end":{"line":26,"column":1}},"line":20},"1":{"name":"(anonymous_1)","decl":{"start":{"line":22,"column":25},"end":{"line":22,"column":26}},"loc":{"start":{"line":22,"column":31},"end":{"line":22,"column":78}},"line":22},"2":{"name":"ColorPreview","decl":{"start":{"line":28,"column":9},"end":{"line":28,"column":21}},"loc":{"start":{"line":28,"column":69},"end":{"line":42,"column":1}},"line":28},"3":{"name":"ColoredBox","decl":{"start":{"line":44,"column":16},"end":{"line":44,"column":26}},"loc":{"start":{"line":44,"column":42},"end":{"line":62,"column":1}},"line":44}},"branchMap":{},"s":{"0":2,"1":2,"2":7,"3":3,"4":7,"5":7,"6":7},"f":{"0":7,"1":3,"2":7,"3":7},"b":{},"_coverageSchema":"1a1c01bbd47fc00a2c39e90264f33305004495a9","hash":"647ecd007119ccfd63474dfcc227c5333532828e"}
,"/Users/sferg/tasks/src/bad-components/DoubleHalf.tsx": {"path":"/Users/sferg/tasks/src/bad-components/DoubleHalf.tsx","statementMap":{"0":{"start":{"line":11,"column":4},"end":{"line":11,"column":75}},"1":{"start":{"line":11,"column":34},"end":{"line":11,"column":57}},"2":{"start":{"line":15,"column":4},"end":{"line":15,"column":76}},"3":{"start":{"line":15,"column":34},"end":{"line":15,"column":59}},"4":{"start":{"line":19,"column":34},"end":{"line":19,"column":54}},"5":{"start":{"line":20,"column":4},"end":{"line":29,"column":6}}},"fnMap":{"0":{"name":"Doubler","decl":{"start":{"line":10,"column":9},"end":{"line":10,"column":16}},"loc":{"start":{"line":10,"column":72},"end":{"line":12,"column":1}},"line":10},"1":{"name":"(anonymous_1)","decl":{"start":{"line":11,"column":28},"end":{"line":11,"column":29}},"loc":{"start":{"line":11,"column":34},"end":{"line":11,"column":57}},"line":11},"2":{"name":"Halver","decl":{"start":{"line":14,"column":9},"end":{"line":14,"column":15}},"loc":{"start":{"line":14,"column":71},"end":{"line":16,"column":1}},"line":14},"3":{"name":"(anonymous_3)","decl":{"start":{"line":15,"column":28},"end":{"line":15,"column":29}},"loc":{"start":{"line":15,"column":34},"end":{"line":15,"column":59}},"line":15},"4":{"name":"DoubleHalf","decl":{"start":{"line":18,"column":16},"end":{"line":18,"column":26}},"loc":{"start":{"line":18,"column":42},"end":{"line":30,"column":1}},"line":18}},"branchMap":{},"s":{"0":14,"1":3,"2":14,"3":5,"4":14,"5":14},"f":{"0":14,"1":3,"2":14,"3":5,"4":14},"b":{},"_coverageSchema":"1a1c01bbd47fc00a2c39e90264f33305004495a9","hash":"cb0da9d62715582c5d5a4fe7d4cd52c4d4150d1b"}
,"/Users/sferg/tasks/src/bad-components/ShoveBox.tsx": {"path":"/Users/sferg/tasks/src/bad-components/ShoveBox.tsx","statementMap":{"0":{"start":{"line":14,"column":4},"end":{"line":16,"column":6}},"1":{"start":{"line":15,"column":31},"end":{"line":15,"column":56}},"2":{"start":{"line":25,"column":4},"end":{"line":38,"column":6}},"3":{"start":{"line":42,"column":36},"end":{"line":42,"column":56}},"4":{"start":{"line":43,"column":4},"end":{"line":55,"column":6}}},"fnMap":{"0":{"name":"ShoveBoxButton","decl":{"start":{"line":13,"column":9},"end":{"line":13,"column":23}},"loc":{"start":{"line":13,"column":67},"end":{"line":17,"column":1}},"line":13},"1":{"name":"(anonymous_1)","decl":{"start":{"line":15,"column":25},"end":{"line":15,"column":26}},"loc":{"start":{"line":15,"column":31},"end":{"line":15,"column":56}},"line":15},"2":{"name":"MoveableBox","decl":{"start":{"line":24,"column":9},"end":{"line":24,"column":20}},"loc":{"start":{"line":24,"column":64},"end":{"line":39,"column":1}},"line":24},"3":{"name":"ShoveBox","decl":{"start":{"line":41,"column":16},"end":{"line":41,"column":24}},"loc":{"start":{"line":41,"column":40},"end":{"line":56,"column":1}},"line":41}},"branchMap":{},"s":{"0":7,"1":3,"2":7,"3":7,"4":7},"f":{"0":7,"1":3,"2":7,"3":7},"b":{},"_coverageSchema":"1a1c01bbd47fc00a2c39e90264f33305004495a9","hash":"d82b5d1bf76a1aed868b8769823bb0276d3c4212"}
,"/Users/sferg/tasks/src/components/ChangeType.tsx": {"path":"/Users/sferg/tasks/src/components/ChangeType.tsx","statementMap":{"0":{"start":{"line":7,"column":30},"end":{"line":7,"column":77}},"1":{"start":{"line":8,"column":4},"end":{"line":27,"column":6}},"2":{"start":{"line":12,"column":20},"end":{"line":16,"column":21}}},"fnMap":{"0":{"name":"ChangeType","decl":{"start":{"line":6,"column":16},"end":{"line":6,"column":26}},"loc":{"start":{"line":6,"column":42},"end":{"line":28,"column":1}},"line":6},"1":{"name":"(anonymous_1)","decl":{"start":{"line":11,"column":25},"end":{"line":11,"column":26}},"loc":{"start":{"line":12,"column":20},"end":{"line":16,"column":21}},"line":12}},"branchMap":{"0":{"loc":{"start":{"line":13,"column":24},"end":{"line":15,"column":53}},"type":"cond-expr","locations":[{"start":{"line":14,"column":30},"end":{"line":14,"column":56}},{"start":{"line":15,"column":30},"end":{"line":15,"column":53}}],"line":13},"1":{"loc":{"start":{"line":21,"column":13},"end":{"line":25,"column":13}},"type":"cond-expr","locations":[{"start":{"line":22,"column":16},"end":{"line":22,"column":41}},{"start":{"line":24,"column":16},"end":{"line":24,"column":44}}],"line":21}},"s":{"0":9,"1":9,"2":3},"f":{"0":9,"1":3},"b":{"0":[2,1],"1":[7,2]},"_coverageSchema":"1a1c01bbd47fc00a2c39e90264f33305004495a9","hash":"fb453af625bc5627f9928a9357df47350f4b645b"}
,"/Users/sferg/tasks/src/components/Counter.tsx": {"path":"/Users/sferg/tasks/src/components/Counter.tsx","statementMap":{"0":{"start":{"line":5,"column":30},"end":{"line":5,"column":49}},"1":{"start":{"line":6,"column":4},"end":{"line":11,"column":6}},"2":{"start":{"line":8,"column":35},"end":{"line":8,"column":54}}},"fnMap":{"0":{"name":"Counter","decl":{"start":{"line":4,"column":16},"end":{"line":4,"column":23}},"loc":{"start":{"line":4,"column":39},"end":{"line":12,"column":1}},"line":4},"1":{"name":"(anonymous_1)","decl":{"start":{"line":8,"column":29},"end":{"line":8,"column":30}},"loc":{"start":{"line":8,"column":35},"end":{"line":8,"column":54}},"line":8}},"branchMap":{},"s":{"0":9,"1":9,"2":3},"f":{"0":9,"1":3},"b":{},"_coverageSchema":"1a1c01bbd47fc00a2c39e90264f33305004495a9","hash":"df5e0a09c3e4dad60b8d8eb5d98776cd3a96fdc0"}
,"/Users/sferg/tasks/src/components/CycleHoliday.tsx": {"path":"/Users/sferg/tasks/src/components/CycleHoliday.tsx","statementMap":{"0":{"start":{"line":11,"column":34},"end":{"line":11,"column":62}},"1":{"start":{"line":12,"column":54},"end":{"line":18,"column":5}},"2":{"start":{"line":19,"column":50},"end":{"line":25,"column":5}},"3":{"start":{"line":38,"column":4},"end":{"line":60,"column":6}},"4":{"start":{"line":40,"column":35},"end":{"line":40,"column":73}},"5":{"start":{"line":43,"column":35},"end":{"line":43,"column":69}}},"fnMap":{"0":{"name":"CycleHoliday","decl":{"start":{"line":10,"column":16},"end":{"line":10,"column":28}},"loc":{"start":{"line":10,"column":44},"end":{"line":61,"column":1}},"line":10},"1":{"name":"(anonymous_1)","decl":{"start":{"line":40,"column":29},"end":{"line":40,"column":30}},"loc":{"start":{"line":40,"column":35},"end":{"line":40,"column":73}},"line":40},"2":{"name":"(anonymous_2)","decl":{"start":{"line":43,"column":29},"end":{"line":43,"column":30}},"loc":{"start":{"line":43,"column":35},"end":{"line":43,"column":69}},"line":43}},"branchMap":{"0":{"loc":{"start":{"line":46,"column":13},"end":{"line":58,"column":13}},"type":"cond-expr","locations":[{"start":{"line":47,"column":16},"end":{"line":47,"column":40}},{"start":{"line":48,"column":16},"end":{"line":58,"column":13}}],"line":46},"1":{"loc":{"start":{"line":48,"column":16},"end":{"line":58,"column":13}},"type":"cond-expr","locations":[{"start":{"line":49,"column":16},"end":{"line":49,"column":40}},{"start":{"line":50,"column":16},"end":{"line":58,"column":13}}],"line":48},"2":{"loc":{"start":{"line":50,"column":16},"end":{"line":58,"column":13}},"type":"cond-expr","locations":[{"start":{"line":51,"column":16},"end":{"line":51,"column":40}},{"start":{"line":52,"column":16},"end":{"line":58,"column":13}}],"line":50},"3":{"loc":{"start":{"line":52,"column":16},"end":{"line":58,"column":13}},"type":"cond-expr","locations":[{"start":{"line":53,"column":16},"end":{"line":53,"column":40}},{"start":{"line":54,"column":16},"end":{"line":58,"column":13}}],"line":52},"4":{"loc":{"start":{"line":54,"column":16},"end":{"line":58,"column":13}},"type":"cond-expr","locations":[{"start":{"line":55,"column":16},"end":{"line":55,"column":40}},{"start":{"line":57,"column":16},"end":{"line":57,"column":29}}],"line":54}},"s":{"0":17,"1":17,"2":17,"3":17,"4":6,"5":6},"f":{"0":17,"1":6,"2":6},"b":{"0":[2,15],"1":[7,8],"2":[3,5],"3":[3,2],"4":[2,0]},"_coverageSchema":"1a1c01bbd47fc00a2c39e90264f33305004495a9","hash":"d05f2b37407f469cdf19ac558becfe78d1379b8f"}
,"/Users/sferg/tasks/src/components/RevealAnswer.tsx": {"path":"/Users/sferg/tasks/src/components/RevealAnswer.tsx","statementMap":{"0":{"start":{"line":5,"column":30},"end":{"line":5,"column":54}},"1":{"start":{"line":6,"column":4},"end":{"line":13,"column":6}},"2":{"start":{"line":8,"column":35},"end":{"line":8,"column":75}}},"fnMap":{"0":{"name":"RevealAnswer","decl":{"start":{"line":4,"column":16},"end":{"line":4,"column":28}},"loc":{"start":{"line":4,"column":44},"end":{"line":14,"column":1}},"line":4},"1":{"name":"(anonymous_1)","decl":{"start":{"line":8,"column":29},"end":{"line":8,"column":30}},"loc":{"start":{"line":8,"column":35},"end":{"line":8,"column":75}},"line":8}},"branchMap":{"0":{"loc":{"start":{"line":8,"column":44},"end":{"line":8,"column":74}},"type":"cond-expr","locations":[{"start":{"line":8,"column":62},"end":{"line":8,"column":66}},{"start":{"line":8,"column":69},"end":{"line":8,"column":74}}],"line":8},"1":{"loc":{"start":{"line":11,"column":13},"end":{"line":11,"column":61}},"type":"cond-expr","locations":[{"start":{"line":11,"column":30},"end":{"line":11,"column":45}},{"start":{"line":11,"column":48},"end":{"line":11,"column":61}}],"line":11}},"s":{"0":8,"1":8,"2":3},"f":{"0":8,"1":3},"b":{"0":[2,1],"1":[2,6]},"_coverageSchema":"1a1c01bbd47fc00a2c39e90264f33305004495a9","hash":"610f875b30c934679d5cb49709de886b6cf4e02b"}
,"/Users/sferg/tasks/src/components/StartAttempt.tsx": {"path":"/Users/sferg/tasks/src/components/StartAttempt.tsx","statementMap":{"0":{"start":{"line":5,"column":36},"end":{"line":5,"column":55}},"1":{"start":{"line":6,"column":38},"end":{"line":6,"column":62}},"2":{"start":{"line":8,"column":8},"end":{"line":8,"column":34}},"3":{"start":{"line":9,"column":8},"end":{"line":9,"column":26}},"4":{"start":{"line":11,"column":4},"end":{"line":27,"column":6}},"5":{"start":{"line":16,"column":35},"end":{"line":16,"column":53}},"6":{"start":{"line":20,"column":31},"end":{"line":20,"column":56}}},"fnMap":{"0":{"name":"StartAttempt","decl":{"start":{"line":4,"column":16},"end":{"line":4,"column":28}},"loc":{"start":{"line":4,"column":44},"end":{"line":28,"column":1}},"line":4},"1":{"name":"startQuiz","decl":{"start":{"line":7,"column":13},"end":{"line":7,"column":22}},"loc":{"start":{"line":7,"column":31},"end":{"line":10,"column":5}},"line":7},"2":{"name":"(anonymous_2)","decl":{"start":{"line":16,"column":29},"end":{"line":16,"column":30}},"loc":{"start":{"line":16,"column":35},"end":{"line":16,"column":53}},"line":16},"3":{"name":"(anonymous_3)","decl":{"start":{"line":20,"column":25},"end":{"line":20,"column":26}},"loc":{"start":{"line":20,"column":31},"end":{"line":20,"column":56}},"line":20}},"branchMap":{"0":{"loc":{"start":{"line":13,"column":50},"end":{"line":13,"column":78}},"type":"binary-expr","locations":[{"start":{"line":13,"column":50},"end":{"line":13,"column":60}},{"start":{"line":13,"column":64},"end":{"line":13,"column":78}}],"line":13}},"s":{"0":65,"1":65,"2":16,"3":16,"4":65,"5":12,"6":10},"f":{"0":65,"1":16,"2":12,"3":10},"b":{"0":[65,49]},"_coverageSchema":"1a1c01bbd47fc00a2c39e90264f33305004495a9","hash":"6e9c7e1b1950af28959b96b06ed0da3c7d7ffde3"}
,"/Users/sferg/tasks/src/components/TwoDice.tsx": {"path":"/Users/sferg/tasks/src/components/TwoDice.tsx","statementMap":{"0":{"start":{"line":11,"column":4},"end":{"line":11,"column":45}},"1":{"start":{"line":15,"column":34},"end":{"line":15,"column":53}},"2":{"start":{"line":16,"column":36},"end":{"line":16,"column":55}},"3":{"start":{"line":17,"column":4},"end":{"line":34,"column":6}},"4":{"start":{"line":21,"column":35},"end":{"line":21,"column":51}},"5":{"start":{"line":22,"column":35},"end":{"line":22,"column":52}}},"fnMap":{"0":{"name":"d6","decl":{"start":{"line":10,"column":16},"end":{"line":10,"column":18}},"loc":{"start":{"line":10,"column":29},"end":{"line":12,"column":1}},"line":10},"1":{"name":"TwoDice","decl":{"start":{"line":14,"column":16},"end":{"line":14,"column":23}},"loc":{"start":{"line":14,"column":39},"end":{"line":35,"column":1}},"line":14},"2":{"name":"(anonymous_2)","decl":{"start":{"line":21,"column":29},"end":{"line":21,"column":30}},"loc":{"start":{"line":21,"column":35},"end":{"line":21,"column":51}},"line":21},"3":{"name":"(anonymous_3)","decl":{"start":{"line":22,"column":29},"end":{"line":22,"column":30}},"loc":{"start":{"line":22,"column":35},"end":{"line":22,"column":52}},"line":22}},"branchMap":{"0":{"loc":{"start":{"line":23,"column":13},"end":{"line":27,"column":13}},"type":"cond-expr","locations":[{"start":{"line":24,"column":16},"end":{"line":24,"column":33}},{"start":{"line":26,"column":16},"end":{"line":26,"column":29}}],"line":23},"1":{"loc":{"start":{"line":23,"column":13},"end":{"line":23,"column":50}},"type":"binary-expr","locations":[{"start":{"line":23,"column":13},"end":{"line":23,"column":33}},{"start":{"line":23,"column":37},"end":{"line":23,"column":50}}],"line":23},"2":{"loc":{"start":{"line":28,"column":13},"end":{"line":32,"column":13}},"type":"cond-expr","locations":[{"start":{"line":29,"column":16},"end":{"line":29,"column":32}},{"start":{"line":31,"column":16},"end":{"line":31,"column":29}}],"line":28},"3":{"loc":{"start":{"line":28,"column":13},"end":{"line":28,"column":49}},"type":"binary-expr","locations":[{"start":{"line":28,"column":13},"end":{"line":28,"column":33}},{"start":{"line":28,"column":37},"end":{"line":28,"column":49}}],"line":28}},"s":{"0":17,"1":26,"2":26,"3":26,"4":8,"5":9},"f":{"0":17,"1":26,"2":8,"3":9},"b":{"0":[1,25],"1":[26,2],"2":[1,25],"3":[26,2]},"_coverageSchema":"1a1c01bbd47fc00a2c39e90264f33305004495a9","hash":"1fc1535722f3b61af87a2dd9e1159995e5e53998"}
,"/Users/sferg/tasks/src/form-components/ChangeColor.tsx": {"path":"/Users/sferg/tasks/src/form-components/ChangeColor.tsx","statementMap":{"0":{"start":{"line":3,"column":15},"end":{"line":12,"column":1}},"1":{"start":{"line":15,"column":42},"end":{"line":15,"column":62}},"2":{"start":{"line":17,"column":8},"end":{"line":17,"column":43}},"3":{"start":{"line":19,"column":4},"end":{"line":45,"column":6}},"4":{"start":{"line":22,"column":16},"end":{"line":32,"column":29}}},"fnMap":{"0":{"name":"ChangeColor","decl":{"start":{"line":14,"column":16},"end":{"line":14,"column":27}},"loc":{"start":{"line":14,"column":43},"end":{"line":46,"column":1}},"line":14},"1":{"name":"updateColor","decl":{"start":{"line":16,"column":13},"end":{"line":16,"column":24}},"loc":{"start":{"line":16,"column":69},"end":{"line":18,"column":5}},"line":16},"2":{"name":"(anonymous_2)","decl":{"start":{"line":21,"column":24},"end":{"line":21,"column":25}},"loc":{"start":{"line":22,"column":16},"end":{"line":32,"column":29}},"line":22}},"branchMap":{},"s":{"0":2,"1":7,"2":4,"3":7,"4":56},"f":{"0":7,"1":4,"2":56},"b":{},"_coverageSchema":"1a1c01bbd47fc00a2c39e90264f33305004495a9","hash":"00fef11a4298c136d2caa9206367c65e3d7632a2"}
,"/Users/sferg/tasks/src/form-components/CheckAnswer.tsx": {"path":"/Users/sferg/tasks/src/form-components/CheckAnswer.tsx","statementMap":{"0":{"start":{"line":9,"column":32},"end":{"line":9,"column":52}},"1":{"start":{"line":12,"column":8},"end":{"line":12,"column":38}},"2":{"start":{"line":15,"column":4},"end":{"line":25,"column":6}}},"fnMap":{"0":{"name":"CheckAnswer","decl":{"start":{"line":4,"column":16},"end":{"line":4,"column":27}},"loc":{"start":{"line":8,"column":16},"end":{"line":26,"column":1}},"line":8},"1":{"name":"updateAnswer","decl":{"start":{"line":11,"column":13},"end":{"line":11,"column":25}},"loc":{"start":{"line":11,"column":70},"end":{"line":13,"column":5}},"line":11}},"branchMap":{"0":{"loc":{"start":{"line":22,"column":17},"end":{"line":22,"column":77}},"type":"cond-expr","locations":[{"start":{"line":22,"column":45},"end":{"line":22,"column":60}},{"start":{"line":22,"column":63},"end":{"line":22,"column":77}}],"line":22}},"s":{"0":18,"1":11,"2":18},"f":{"0":18,"1":11},"b":{"0":[2,16]},"_coverageSchema":"1a1c01bbd47fc00a2c39e90264f33305004495a9","hash":"07184004d354074cb1abd42a429e3557b088f18e"}
,"/Users/sferg/tasks/src/form-components/EditMode.tsx": {"path":"/Users/sferg/tasks/src/form-components/EditMode.tsx","statementMap":{"0":{"start":{"line":5,"column":36},"end":{"line":5,"column":60}},"1":{"start":{"line":6,"column":38},"end":{"line":6,"column":61}},"2":{"start":{"line":7,"column":28},"end":{"line":7,"column":48}},"3":{"start":{"line":9,"column":8},"end":{"line":9,"column":42}},"4":{"start":{"line":12,"column":8},"end":{"line":12,"column":43}},"5":{"start":{"line":15,"column":8},"end":{"line":15,"column":36}},"6":{"start":{"line":17,"column":4},"end":{"line":54,"column":6}}},"fnMap":{"0":{"name":"EditMode","decl":{"start":{"line":4,"column":16},"end":{"line":4,"column":24}},"loc":{"start":{"line":4,"column":40},"end":{"line":55,"column":1}},"line":4},"1":{"name":"updateMode","decl":{"start":{"line":8,"column":13},"end":{"line":8,"column":23}},"loc":{"start":{"line":8,"column":68},"end":{"line":10,"column":5}},"line":8},"2":{"name":"updateStudent","decl":{"start":{"line":11,"column":13},"end":{"line":11,"column":26}},"loc":{"start":{"line":11,"column":71},"end":{"line":13,"column":5}},"line":11},"3":{"name":"updateName","decl":{"start":{"line":14,"column":13},"end":{"line":14,"column":23}},"loc":{"start":{"line":14,"column":68},"end":{"line":16,"column":5}},"line":14}},"branchMap":{"0":{"loc":{"start":{"line":43,"column":17},"end":{"line":51,"column":17}},"type":"cond-expr","locations":[{"start":{"line":44,"column":20},"end":{"line":44,"column":52}},{"start":{"line":45,"column":20},"end":{"line":51,"column":17}}],"line":43},"1":{"loc":{"start":{"line":43,"column":17},"end":{"line":43,"column":40}},"type":"binary-expr","locations":[{"start":{"line":43,"column":17},"end":{"line":43,"column":26}},{"start":{"line":43,"column":30},"end":{"line":43,"column":40}}],"line":43},"2":{"loc":{"start":{"line":45,"column":20},"end":{"line":51,"column":17}},"type":"cond-expr","locations":[{"start":{"line":46,"column":20},"end":{"line":46,"column":56}},{"start":{"line":47,"column":20},"end":{"line":51,"column":17}}],"line":45},"3":{"loc":{"start":{"line":45,"column":20},"end":{"line":45,"column":44}},"type":"binary-expr","locations":[{"start":{"line":45,"column":20},"end":{"line":45,"column":30}},{"start":{"line":45,"column":34},"end":{"line":45,"column":44}}],"line":45},"4":{"loc":{"start":{"line":47,"column":20},"end":{"line":51,"column":17}},"type":"cond-expr","locations":[{"start":{"line":48,"column":20},"end":{"line":48,"column":55}},{"start":{"line":50,"column":20},"end":{"line":50,"column":59}}],"line":47},"5":{"loc":{"start":{"line":47,"column":20},"end":{"line":47,"column":43}},"type":"binary-expr","locations":[{"start":{"line":47,"column":20},"end":{"line":47,"column":29}},{"start":{"line":47,"column":33},"end":{"line":47,"column":43}}],"line":47}},"s":{"0":37,"1":37,"2":37,"3":5,"4":3,"5":23,"6":37},"f":{"0":37,"1":5,"2":3,"3":23},"b":{"0":[25,12],"1":[37,34],"2":[3,9],"3":[12,3],"4":[9,0],"5":[9,9]},"_coverageSchema":"1a1c01bbd47fc00a2c39e90264f33305004495a9","hash":"5fd340c243b2559419517e103f403cc122b3347e"}
,"/Users/sferg/tasks/src/form-components/GiveAttempts.tsx": {"path":"/Users/sferg/tasks/src/form-components/GiveAttempts.tsx","statementMap":{"0":{"start":{"line":5,"column":44},"end":{"line":5,"column":63}},"1":{"start":{"line":6,"column":42},"end":{"line":6,"column":62}},"2":{"start":{"line":7,"column":25},"end":{"line":7,"column":51}},"3":{"start":{"line":10,"column":8},"end":{"line":10,"column":43}},"4":{"start":{"line":11,"column":8},"end":{"line":11,"column":52}},"5":{"start":{"line":14,"column":4},"end":{"line":37,"column":6}},"6":{"start":{"line":25,"column":31},"end":{"line":25,"column":64}},"7":{"start":{"line":31,"column":31},"end":{"line":31,"column":77}}},"fnMap":{"0":{"name":"GiveAttempts","decl":{"start":{"line":4,"column":16},"end":{"line":4,"column":28}},"loc":{"start":{"line":4,"column":44},"end":{"line":38,"column":1}},"line":4},"1":{"name":"updateAttemptsReq","decl":{"start":{"line":9,"column":13},"end":{"line":9,"column":30}},"loc":{"start":{"line":9,"column":75},"end":{"line":12,"column":5}},"line":9},"2":{"name":"(anonymous_2)","decl":{"start":{"line":25,"column":25},"end":{"line":25,"column":26}},"loc":{"start":{"line":25,"column":31},"end":{"line":25,"column":64}},"line":25},"3":{"name":"(anonymous_3)","decl":{"start":{"line":31,"column":25},"end":{"line":31,"column":26}},"loc":{"start":{"line":31,"column":31},"end":{"line":31,"column":77}},"line":31}},"branchMap":{"0":{"loc":{"start":{"line":7,"column":25},"end":{"line":7,"column":51}},"type":"binary-expr","locations":[{"start":{"line":7,"column":25},"end":{"line":7,"column":46}},{"start":{"line":7,"column":50},"end":{"line":7,"column":51}}],"line":7},"1":{"loc":{"start":{"line":11,"column":25},"end":{"line":11,"column":51}},"type":"binary-expr","locations":[{"start":{"line":11,"column":25},"end":{"line":11,"column":46}},{"start":{"line":11,"column":50},"end":{"line":11,"column":51}}],"line":11}},"s":{"0":16,"1":16,"2":16,"3":5,"4":5,"5":16,"6":3,"7":3},"f":{"0":16,"1":5,"2":3,"3":3},"b":{"0":[16,9],"1":[5,1]},"_coverageSchema":"1a1c01bbd47fc00a2c39e90264f33305004495a9","hash":"a5df18b45c198f2ee329d86f79a72db713540599"}
,"/Users/sferg/tasks/src/form-components/MultipleChoiceQuestion.tsx": {"path":"/Users/sferg/tasks/src/form-components/MultipleChoiceQuestion.tsx","statementMap":{"0":{"start":{"line":11,"column":32},"end":{"line":11,"column":60}},"1":{"start":{"line":13,"column":8},"end":{"line":13,"column":38}},"2":{"start":{"line":15,"column":4},"end":{"line":31,"column":6}},"3":{"start":{"line":21,"column":24},"end":{"line":23,"column":33}}},"fnMap":{"0":{"name":"MultipleChoiceQuestion","decl":{"start":{"line":4,"column":16},"end":{"line":4,"column":38}},"loc":{"start":{"line":10,"column":16},"end":{"line":32,"column":1}},"line":10},"1":{"name":"updateChoice","decl":{"start":{"line":12,"column":13},"end":{"line":12,"column":25}},"loc":{"start":{"line":12,"column":71},"end":{"line":14,"column":5}},"line":12},"2":{"name":"(anonymous_2)","decl":{"start":{"line":20,"column":33},"end":{"line":20,"column":34}},"loc":{"start":{"line":21,"column":24},"end":{"line":23,"column":33}},"line":21}},"branchMap":{"0":{"loc":{"start":{"line":28,"column":17},"end":{"line":28,"column":77}},"type":"cond-expr","locations":[{"start":{"line":28,"column":45},"end":{"line":28,"column":60}},{"start":{"line":28,"column":63},"end":{"line":28,"column":77}}],"line":28}},"s":{"0":11,"1":5,"2":11,"3":31},"f":{"0":11,"1":5,"2":31},"b":{"0":[4,7]},"_coverageSchema":"1a1c01bbd47fc00a2c39e90264f33305004495a9","hash":"328ff2754d5aea73bcaa80a1ca657d8d2c74922b"}
,"/Users/sferg/tasks/src/interfaces/answer.ts": {"path":"/Users/sferg/tasks/src/interfaces/answer.ts","statementMap":{},"fnMap":{},"branchMap":{},"s":{},"f":{},"b":{}}
,"/Users/sferg/tasks/src/interfaces/question.ts": {"path":"/Users/sferg/tasks/src/interfaces/question.ts","statementMap":{},"fnMap":{},"branchMap":{},"s":{},"f":{},"b":{}}
}
