{"C:\\Users\\beamf\\quizzer_start\\src\\App.tsx": {"path":"C:\\Users\\beamf\\quizzer_start\\src\\App.tsx","statementMap":{"0":{"start":{"line":8,"column":34},"end":{"line":8,"column":57}},"1":{"start":{"line":10,"column":4},"end":{"line":26,"column":6}},"2":{"start":{"line":16,"column":24},"end":{"line":16,"column":45}}},"fnMap":{"0":{"name":"App","decl":{"start":{"line":7,"column":9},"end":{"line":7,"column":12}},"loc":{"start":{"line":7,"column":28},"end":{"line":27,"column":1}},"line":7},"1":{"name":"(anonymous_1)","decl":{"start":{"line":15,"column":29},"end":{"line":15,"column":30}},"loc":{"start":{"line":15,"column":35},"end":{"line":17,"column":21}},"line":15}},"branchMap":{"0":{"loc":{"start":{"line":19,"column":21},"end":{"line":19,"column":50}},"type":"cond-expr","locations":[{"start":{"line":19,"column":31},"end":{"line":19,"column":40}},{"start":{"line":19,"column":43},"end":{"line":19,"column":50}}],"line":19},"1":{"loc":{"start":{"line":22,"column":35},"end":{"line":22,"column":61}},"type":"cond-expr","locations":[{"start":{"line":22,"column":45},"end":{"line":22,"column":52}},{"start":{"line":22,"column":55},"end":{"line":22,"column":61}}],"line":22}},"s":{"0":2,"1":1,"2":0},"f":{"0":2,"1":0},"b":{"0":[1,0],"1":[1,0]},"_coverageSchema":"1a1c01bbd47fc00a2c39e90264f33305004495a9","hash":"0a90af883242a90c94e060a643437d39de12d4e1"}
,"C:\\Users\\beamf\\quizzer_start\\src\\interfaces\\question.ts": {"path":"C:\\Users\\beamf\\quizzer_start\\src\\interfaces\\question.ts","statementMap":{},"fnMap":{},"branchMap":{},"s":{},"f":{},"b":{}}
,"C:\\Users\\beamf\\quizzer_start\\src\\interfaces\\quiz.ts": {"path":"C:\\Users\\beamf\\quizzer_start\\src\\interfaces\\quiz.ts","statementMap":{},"fnMap":{},"branchMap":{},"s":{},"f":{},"b":{}}
,"C:\\Users\\beamf\\quizzer_start\\src\\quizzer\\AddQuizModal.tsx": {"path":"C:\\Users\\beamf\\quizzer_start\\src\\quizzer\\AddQuizModal.tsx","statementMap":{"0":{"start":{"line":4,"column":28},"end":{"line":67,"column":1}},"1":{"start":{"line":13,"column":30},"end":{"line":13,"column":62}},"2":{"start":{"line":14,"column":28},"end":{"line":14,"column":52}},"3":{"start":{"line":16,"column":24},"end":{"line":21,"column":5}},"4":{"start":{"line":17,"column":8},"end":{"line":17,"column":29}},"5":{"start":{"line":18,"column":8},"end":{"line":18,"column":33}},"6":{"start":{"line":19,"column":8},"end":{"line":19,"column":39}},"7":{"start":{"line":20,"column":8},"end":{"line":20,"column":22}},"8":{"start":{"line":23,"column":4},"end":{"line":66,"column":6}},"9":{"start":{"line":36,"column":33},"end":{"line":36,"column":57}},"10":{"start":{"line":45,"column":37},"end":{"line":45,"column":60}},"11":{"start":{"line":53,"column":28},"end":{"line":53,"column":53}},"12":{"start":{"line":54,"column":28},"end":{"line":54,"column":59}},"13":{"start":{"line":55,"column":28},"end":{"line":55,"column":42}}},"fnMap":{"0":{"name":"(anonymous_0)","decl":{"start":{"line":4,"column":28},"end":{"line":4,"column":29}},"loc":{"start":{"line":12,"column":6},"end":{"line":67,"column":1}},"line":12},"1":{"name":"(anonymous_1)","decl":{"start":{"line":16,"column":24},"end":{"line":16,"column":25}},"loc":{"start":{"line":16,"column":30},"end":{"line":21,"column":5}},"line":16},"2":{"name":"(anonymous_2)","decl":{"start":{"line":34,"column":38},"end":{"line":34,"column":39}},"loc":{"start":{"line":36,"column":33},"end":{"line":36,"column":57}},"line":36},"3":{"name":"(anonymous_3)","decl":{"start":{"line":43,"column":38},"end":{"line":43,"column":39}},"loc":{"start":{"line":45,"column":37},"end":{"line":45,"column":60}},"line":45},"4":{"name":"(anonymous_4)","decl":{"start":{"line":52,"column":33},"end":{"line":52,"column":34}},"loc":{"start":{"line":52,"column":39},"end":{"line":56,"column":25}},"line":52}},"branchMap":{},"s":{"0":2,"1":32,"2":32,"3":32,"4":1,"5":1,"6":1,"7":1,"8":32,"9":0,"10":0,"11":0,"12":0,"13":0},"f":{"0":32,"1":1,"2":0,"3":0,"4":0},"b":{},"_coverageSchema":"1a1c01bbd47fc00a2c39e90264f33305004495a9","hash":"08908e625bb6d024661bae59d6187eab71f55320"}
,"C:\\Users\\beamf\\quizzer_start\\src\\quizzer\\QuestionEdit.tsx": {"path":"C:\\Users\\beamf\\quizzer_start\\src\\quizzer\\QuestionEdit.tsx","statementMap":{"0":{"start":{"line":6,"column":28},"end":{"line":260,"column":1}},"1":{"start":{"line":22,"column":19},"end":{"line":24,"column":5}},"2":{"start":{"line":23,"column":50},"end":{"line":23,"column":73}},"3":{"start":{"line":26,"column":29},"end":{"line":36,"column":5}},"4":{"start":{"line":27,"column":8},"end":{"line":27,"column":13}},"5":{"start":{"line":29,"column":12},"end":{"line":29,"column":71}},"6":{"start":{"line":30,"column":8},"end":{"line":35,"column":11}},"7":{"start":{"line":38,"column":25},"end":{"line":46,"column":5}},"8":{"start":{"line":39,"column":8},"end":{"line":39,"column":13}},"9":{"start":{"line":40,"column":8},"end":{"line":45,"column":11}},"10":{"start":{"line":48,"column":25},"end":{"line":51,"column":5}},"11":{"start":{"line":49,"column":5},"end":{"line":49,"column":47}},"12":{"start":{"line":50,"column":8},"end":{"line":50,"column":44}},"13":{"start":{"line":53,"column":31},"end":{"line":64,"column":5}},"14":{"start":{"line":57,"column":27},"end":{"line":57,"column":48}},"15":{"start":{"line":58,"column":8},"end":{"line":58,"column":48}},"16":{"start":{"line":59,"column":8},"end":{"line":63,"column":11}},"17":{"start":{"line":66,"column":30},"end":{"line":73,"column":5}},"18":{"start":{"line":67,"column":20},"end":{"line":67,"column":44}},"19":{"start":{"line":68,"column":8},"end":{"line":68,"column":15}},"20":{"start":{"line":69,"column":8},"end":{"line":72,"column":11}},"21":{"start":{"line":75,"column":4},"end":{"line":259,"column":6}},"22":{"start":{"line":92,"column":36},"end":{"line":95,"column":39}},"23":{"start":{"line":165,"column":44},"end":{"line":168,"column":47}},"24":{"start":{"line":178,"column":44},"end":{"line":205,"column":50}},"25":{"start":{"line":199,"column":56},"end":{"line":202,"column":58}},"26":{"start":{"line":217,"column":32},"end":{"line":217,"column":63}},"27":{"start":{"line":226,"column":32},"end":{"line":226,"column":63}},"28":{"start":{"line":242,"column":28},"end":{"line":245,"column":31}},"29":{"start":{"line":251,"column":28},"end":{"line":251,"column":56}}},"fnMap":{"0":{"name":"(anonymous_0)","decl":{"start":{"line":6,"column":28},"end":{"line":6,"column":29}},"loc":{"start":{"line":21,"column":6},"end":{"line":260,"column":1}},"line":21},"1":{"name":"(anonymous_1)","decl":{"start":{"line":23,"column":35},"end":{"line":23,"column":36}},"loc":{"start":{"line":23,"column":50},"end":{"line":23,"column":73}},"line":23},"2":{"name":"(anonymous_2)","decl":{"start":{"line":26,"column":29},"end":{"line":26,"column":30}},"loc":{"start":{"line":26,"column":73},"end":{"line":36,"column":5}},"line":26},"3":{"name":"(anonymous_3)","decl":{"start":{"line":38,"column":25},"end":{"line":38,"column":26}},"loc":{"start":{"line":38,"column":31},"end":{"line":46,"column":5}},"line":38},"4":{"name":"(anonymous_4)","decl":{"start":{"line":48,"column":25},"end":{"line":48,"column":26}},"loc":{"start":{"line":48,"column":69},"end":{"line":51,"column":5}},"line":48},"5":{"name":"(anonymous_5)","decl":{"start":{"line":53,"column":31},"end":{"line":53,"column":32}},"loc":{"start":{"line":56,"column":9},"end":{"line":64,"column":5}},"line":56},"6":{"name":"(anonymous_6)","decl":{"start":{"line":66,"column":30},"end":{"line":66,"column":31}},"loc":{"start":{"line":66,"column":74},"end":{"line":73,"column":5}},"line":66},"7":{"name":"(anonymous_7)","decl":{"start":{"line":89,"column":42},"end":{"line":89,"column":43}},"loc":{"start":{"line":91,"column":37},"end":{"line":96,"column":33}},"line":91},"8":{"name":"(anonymous_8)","decl":{"start":{"line":162,"column":50},"end":{"line":162,"column":51}},"loc":{"start":{"line":164,"column":45},"end":{"line":169,"column":41}},"line":164},"9":{"name":"(anonymous_9)","decl":{"start":{"line":177,"column":40},"end":{"line":177,"column":41}},"loc":{"start":{"line":178,"column":44},"end":{"line":205,"column":50}},"line":178},"10":{"name":"(anonymous_10)","decl":{"start":{"line":196,"column":62},"end":{"line":196,"column":63}},"loc":{"start":{"line":198,"column":57},"end":{"line":203,"column":53}},"line":198},"11":{"name":"(anonymous_11)","decl":{"start":{"line":216,"column":37},"end":{"line":216,"column":38}},"loc":{"start":{"line":216,"column":43},"end":{"line":218,"column":29}},"line":216},"12":{"name":"(anonymous_12)","decl":{"start":{"line":225,"column":37},"end":{"line":225,"column":38}},"loc":{"start":{"line":225,"column":43},"end":{"line":227,"column":29}},"line":225},"13":{"name":"(anonymous_13)","decl":{"start":{"line":241,"column":34},"end":{"line":241,"column":35}},"loc":{"start":{"line":241,"column":78},"end":{"line":246,"column":25}},"line":241},"14":{"name":"(anonymous_14)","decl":{"start":{"line":250,"column":33},"end":{"line":250,"column":34}},"loc":{"start":{"line":250,"column":39},"end":{"line":252,"column":25}},"line":250}},"branchMap":{"0":{"loc":{"start":{"line":29,"column":12},"end":{"line":29,"column":71}},"type":"cond-expr","locations":[{"start":{"line":29,"column":43},"end":{"line":29,"column":44}},{"start":{"line":29,"column":47},"end":{"line":29,"column":71}}],"line":29},"1":{"loc":{"start":{"line":62,"column":22},"end":{"line":62,"column":66}},"type":"cond-expr","locations":[{"start":{"line":62,"column":32},"end":{"line":62,"column":46}},{"start":{"line":62,"column":49},"end":{"line":62,"column":66}}],"line":62},"2":{"loc":{"start":{"line":111,"column":31},"end":{"line":111,"column":63}},"type":"cond-expr","locations":[{"start":{"line":111,"column":55},"end":{"line":111,"column":58}},{"start":{"line":111,"column":61},"end":{"line":111,"column":63}}],"line":111},"3":{"loc":{"start":{"line":142,"column":29},"end":{"line":154,"column":29}},"type":"binary-expr","locations":[{"start":{"line":142,"column":29},"end":{"line":142,"column":73}},{"start":{"line":143,"column":32},"end":{"line":153,"column":35}}],"line":142},"4":{"loc":{"start":{"line":157,"column":29},"end":{"line":172,"column":29}},"type":"binary-expr","locations":[{"start":{"line":157,"column":29},"end":{"line":157,"column":70}},{"start":{"line":158,"column":32},"end":{"line":171,"column":45}}],"line":157},"5":{"loc":{"start":{"line":173,"column":29},"end":{"line":209,"column":29}},"type":"binary-expr","locations":[{"start":{"line":173,"column":29},"end":{"line":173,"column":73}},{"start":{"line":174,"column":32},"end":{"line":208,"column":45}}],"line":173}},"s":{"0":2,"1":54,"2":53,"3":54,"4":0,"5":0,"6":0,"7":54,"8":1,"9":1,"10":54,"11":0,"12":0,"13":54,"14":0,"15":0,"16":0,"17":54,"18":0,"19":0,"20":0,"21":54,"22":0,"23":0,"24":81,"25":0,"26":2,"27":0,"28":1,"29":0},"f":{"0":54,"1":53,"2":0,"3":1,"4":0,"5":0,"6":0,"7":0,"8":0,"9":81,"10":0,"11":2,"12":0,"13":1,"14":0},"b":{"0":[0,0],"1":[0,0],"2":[13,41],"3":[54,27],"4":[54,27],"5":[54,27]},"_coverageSchema":"1a1c01bbd47fc00a2c39e90264f33305004495a9","hash":"15d2d3cf5850c6dffd066ccdc96337e759d42263"}
,"C:\\Users\\beamf\\quizzer_start\\src\\quizzer\\QuizCard.tsx": {"path":"C:\\Users\\beamf\\quizzer_start\\src\\quizzer\\QuizCard.tsx","statementMap":{"0":{"start":{"line":7,"column":24},"end":{"line":38,"column":1}},"1":{"start":{"line":14,"column":30},"end":{"line":17,"column":5}},"2":{"start":{"line":16,"column":12},"end":{"line":16,"column":62}},"3":{"start":{"line":19,"column":4},"end":{"line":37,"column":6}},"4":{"start":{"line":25,"column":24},"end":{"line":25,"column":45}}},"fnMap":{"0":{"name":"(anonymous_0)","decl":{"start":{"line":7,"column":24},"end":{"line":7,"column":25}},"loc":{"start":{"line":13,"column":6},"end":{"line":38,"column":1}},"line":13},"1":{"name":"(anonymous_1)","decl":{"start":{"line":15,"column":8},"end":{"line":15,"column":9}},"loc":{"start":{"line":16,"column":12},"end":{"line":16,"column":62}},"line":16},"2":{"name":"(anonymous_2)","decl":{"start":{"line":24,"column":29},"end":{"line":24,"column":30}},"loc":{"start":{"line":24,"column":35},"end":{"line":26,"column":21}},"line":24}},"branchMap":{"0":{"loc":{"start":{"line":16,"column":12},"end":{"line":16,"column":62}},"type":"binary-expr","locations":[{"start":{"line":16,"column":13},"end":{"line":16,"column":27}},{"start":{"line":16,"column":31},"end":{"line":16,"column":42}},{"start":{"line":16,"column":47},"end":{"line":16,"column":62}}],"line":16},"1":{"loc":{"start":{"line":32,"column":21},"end":{"line":32,"column":62}},"type":"cond-expr","locations":[{"start":{"line":32,"column":54},"end":{"line":32,"column":57}},{"start":{"line":32,"column":60},"end":{"line":32,"column":62}}],"line":32}},"s":{"0":2,"1":90,"2":356,"3":90,"4":10},"f":{"0":90,"1":356,"2":10},"b":{"0":[356,302,160],"1":[90,0]},"_coverageSchema":"1a1c01bbd47fc00a2c39e90264f33305004495a9","hash":"3b47578b54e274bf794542405a8481f34023f8dd"}
,"C:\\Users\\beamf\\quizzer_start\\src\\quizzer\\QuizEdit.tsx": {"path":"C:\\Users\\beamf\\quizzer_start\\src\\quizzer\\QuizEdit.tsx","statementMap":{"0":{"start":{"line":9,"column":24},"end":{"line":172,"column":1}},"1":{"start":{"line":22,"column":34},"end":{"line":22,"column":61}},"2":{"start":{"line":24,"column":25},"end":{"line":30,"column":5}},"3":{"start":{"line":25,"column":8},"end":{"line":29,"column":11}},"4":{"start":{"line":27,"column":78},"end":{"line":27,"column":115}},"5":{"start":{"line":32,"column":27},"end":{"line":38,"column":5}},"6":{"start":{"line":33,"column":8},"end":{"line":37,"column":11}},"7":{"start":{"line":35,"column":80},"end":{"line":35,"column":99}},"8":{"start":{"line":40,"column":24},"end":{"line":42,"column":5}},"9":{"start":{"line":41,"column":8},"end":{"line":41,"column":42}},"10":{"start":{"line":44,"column":25},"end":{"line":55,"column":5}},"11":{"start":{"line":45,"column":8},"end":{"line":54,"column":11}},"12":{"start":{"line":49,"column":20},"end":{"line":49,"column":72}},"13":{"start":{"line":49,"column":38},"end":{"line":49,"column":72}},"14":{"start":{"line":50,"column":20},"end":{"line":50,"column":72}},"15":{"start":{"line":50,"column":38},"end":{"line":50,"column":72}},"16":{"start":{"line":51,"column":20},"end":{"line":51,"column":53}},"17":{"start":{"line":57,"column":4},"end":{"line":171,"column":6}},"18":{"start":{"line":69,"column":36},"end":{"line":72,"column":38}},"19":{"start":{"line":86,"column":32},"end":{"line":89,"column":35}},"20":{"start":{"line":99,"column":28},"end":{"line":99,"column":76}},"21":{"start":{"line":107,"column":20},"end":{"line":115,"column":36}},"22":{"start":{"line":123,"column":24},"end":{"line":138,"column":27}},"23":{"start":{"line":149,"column":32},"end":{"line":149,"column":46}},"24":{"start":{"line":150,"column":32},"end":{"line":150,"column":45}},"25":{"start":{"line":162,"column":28},"end":{"line":162,"column":48}},"26":{"start":{"line":163,"column":28},"end":{"line":163,"column":40}}},"fnMap":{"0":{"name":"(anonymous_0)","decl":{"start":{"line":9,"column":24},"end":{"line":9,"column":25}},"loc":{"start":{"line":21,"column":6},"end":{"line":172,"column":1}},"line":21},"1":{"name":"(anonymous_1)","decl":{"start":{"line":24,"column":25},"end":{"line":24,"column":26}},"loc":{"start":{"line":24,"column":72},"end":{"line":30,"column":5}},"line":24},"2":{"name":"(anonymous_2)","decl":{"start":{"line":27,"column":51},"end":{"line":27,"column":52}},"loc":{"start":{"line":27,"column":78},"end":{"line":27,"column":115}},"line":27},"3":{"name":"(anonymous_3)","decl":{"start":{"line":32,"column":27},"end":{"line":32,"column":28}},"loc":{"start":{"line":32,"column":51},"end":{"line":38,"column":5}},"line":32},"4":{"name":"(anonymous_4)","decl":{"start":{"line":35,"column":54},"end":{"line":35,"column":55}},"loc":{"start":{"line":35,"column":80},"end":{"line":35,"column":99}},"line":35},"5":{"name":"(anonymous_5)","decl":{"start":{"line":40,"column":24},"end":{"line":40,"column":25}},"loc":{"start":{"line":40,"column":30},"end":{"line":42,"column":5}},"line":40},"6":{"name":"(anonymous_6)","decl":{"start":{"line":44,"column":25},"end":{"line":44,"column":26}},"loc":{"start":{"line":44,"column":57},"end":{"line":55,"column":5}},"line":44},"7":{"name":"(anonymous_7)","decl":{"start":{"line":48,"column":16},"end":{"line":48,"column":17}},"loc":{"start":{"line":48,"column":56},"end":{"line":52,"column":17}},"line":48},"8":{"name":"(anonymous_8)","decl":{"start":{"line":66,"column":42},"end":{"line":66,"column":43}},"loc":{"start":{"line":69,"column":36},"end":{"line":72,"column":38}},"line":69},"9":{"name":"(anonymous_9)","decl":{"start":{"line":83,"column":38},"end":{"line":83,"column":39}},"loc":{"start":{"line":85,"column":33},"end":{"line":90,"column":29}},"line":85},"10":{"name":"(anonymous_10)","decl":{"start":{"line":98,"column":34},"end":{"line":98,"column":35}},"loc":{"start":{"line":99,"column":28},"end":{"line":99,"column":76}},"line":99},"11":{"name":"(anonymous_11)","decl":{"start":{"line":106,"column":42},"end":{"line":106,"column":43}},"loc":{"start":{"line":107,"column":20},"end":{"line":115,"column":36}},"line":107},"12":{"name":"(anonymous_12)","decl":{"start":{"line":122,"column":29},"end":{"line":122,"column":30}},"loc":{"start":{"line":122,"column":35},"end":{"line":139,"column":21}},"line":122},"13":{"name":"(anonymous_13)","decl":{"start":{"line":148,"column":37},"end":{"line":148,"column":38}},"loc":{"start":{"line":148,"column":43},"end":{"line":151,"column":29}},"line":148},"14":{"name":"(anonymous_14)","decl":{"start":{"line":161,"column":33},"end":{"line":161,"column":34}},"loc":{"start":{"line":161,"column":39},"end":{"line":164,"column":25}},"line":161}},"branchMap":{"0":{"loc":{"start":{"line":27,"column":78},"end":{"line":27,"column":115}},"type":"cond-expr","locations":[{"start":{"line":27,"column":100},"end":{"line":27,"column":111}},{"start":{"line":27,"column":114},"end":{"line":27,"column":115}}],"line":27},"1":{"loc":{"start":{"line":49,"column":20},"end":{"line":49,"column":72}},"type":"if","locations":[{"start":{"line":49,"column":20},"end":{"line":49,"column":72}},{"start":{},"end":{}}],"line":49},"2":{"loc":{"start":{"line":50,"column":20},"end":{"line":50,"column":72}},"type":"if","locations":[{"start":{"line":50,"column":20},"end":{"line":50,"column":72}},{"start":{},"end":{}}],"line":50}},"s":{"0":2,"1":13,"2":13,"3":2,"4":8,"5":13,"6":0,"7":0,"8":13,"9":5,"10":13,"11":2,"12":8,"13":2,"14":6,"15":2,"16":4,"17":13,"18":0,"19":2,"20":0,"21":54,"22":1,"23":5,"24":5,"25":1,"26":1},"f":{"0":13,"1":2,"2":8,"3":0,"4":0,"5":5,"6":2,"7":8,"8":0,"9":2,"10":0,"11":54,"12":1,"13":5,"14":1},"b":{"0":[2,6],"1":[2,6],"2":[2,4]},"_coverageSchema":"1a1c01bbd47fc00a2c39e90264f33305004495a9","hash":"2243edc0a6de2d413cfb4c52e9e90097d7ea14db"}
,"C:\\Users\\beamf\\quizzer_start\\src\\quizzer\\QuizExpanded.tsx": {"path":"C:\\Users\\beamf\\quizzer_start\\src\\quizzer\\QuizExpanded.tsx","statementMap":{"0":{"start":{"line":9,"column":28},"end":{"line":119,"column":1}},"1":{"start":{"line":21,"column":30},"end":{"line":24,"column":5}},"2":{"start":{"line":23,"column":12},"end":{"line":23,"column":62}},"3":{"start":{"line":26,"column":20},"end":{"line":26,"column":39}},"4":{"start":{"line":27,"column":38},"end":{"line":29,"column":5}},"5":{"start":{"line":31,"column":33},"end":{"line":35,"column":5}},"6":{"start":{"line":32,"column":29},"end":{"line":32,"column":43}},"7":{"start":{"line":33,"column":8},"end":{"line":33,"column":44}},"8":{"start":{"line":34,"column":8},"end":{"line":34,"column":35}},"9":{"start":{"line":37,"column":24},"end":{"line":40,"column":5}},"10":{"start":{"line":38,"column":47},"end":{"line":38,"column":62}},"11":{"start":{"line":42,"column":22},"end":{"line":44,"column":5}},"12":{"start":{"line":43,"column":8},"end":{"line":43,"column":41}},"13":{"start":{"line":43,"column":26},"end":{"line":43,"column":39}},"14":{"start":{"line":46,"column":18},"end":{"line":56,"column":5}},"15":{"start":{"line":47,"column":8},"end":{"line":47,"column":58}},"16":{"start":{"line":48,"column":8},"end":{"line":53,"column":11}},"17":{"start":{"line":51,"column":44},"end":{"line":51,"column":68}},"18":{"start":{"line":55,"column":8},"end":{"line":55,"column":14}},"19":{"start":{"line":58,"column":28},"end":{"line":64,"column":5}},"20":{"start":{"line":59,"column":8},"end":{"line":63,"column":11}},"21":{"start":{"line":61,"column":75},"end":{"line":61,"column":129}},"22":{"start":{"line":66,"column":4},"end":{"line":118,"column":6}},"23":{"start":{"line":81,"column":28},"end":{"line":81,"column":36}},"24":{"start":{"line":82,"column":28},"end":{"line":82,"column":41}},"25":{"start":{"line":98,"column":16},"end":{"line":106,"column":32}}},"fnMap":{"0":{"name":"(anonymous_0)","decl":{"start":{"line":9,"column":28},"end":{"line":9,"column":29}},"loc":{"start":{"line":20,"column":6},"end":{"line":119,"column":1}},"line":20},"1":{"name":"(anonymous_1)","decl":{"start":{"line":22,"column":8},"end":{"line":22,"column":9}},"loc":{"start":{"line":23,"column":12},"end":{"line":23,"column":62}},"line":23},"2":{"name":"(anonymous_2)","decl":{"start":{"line":31,"column":33},"end":{"line":31,"column":34}},"loc":{"start":{"line":31,"column":52},"end":{"line":35,"column":5}},"line":31},"3":{"name":"(anonymous_3)","decl":{"start":{"line":38,"column":8},"end":{"line":38,"column":9}},"loc":{"start":{"line":38,"column":47},"end":{"line":38,"column":62}},"line":38},"4":{"name":"(anonymous_4)","decl":{"start":{"line":42,"column":22},"end":{"line":42,"column":23}},"loc":{"start":{"line":42,"column":37},"end":{"line":44,"column":5}},"line":42},"5":{"name":"(anonymous_5)","decl":{"start":{"line":43,"column":11},"end":{"line":43,"column":12}},"loc":{"start":{"line":43,"column":26},"end":{"line":43,"column":39}},"line":43},"6":{"name":"(anonymous_6)","decl":{"start":{"line":46,"column":18},"end":{"line":46,"column":19}},"loc":{"start":{"line":46,"column":24},"end":{"line":56,"column":5}},"line":46},"7":{"name":"(anonymous_7)","decl":{"start":{"line":51,"column":16},"end":{"line":51,"column":17}},"loc":{"start":{"line":51,"column":44},"end":{"line":51,"column":68}},"line":51},"8":{"name":"(anonymous_8)","decl":{"start":{"line":58,"column":28},"end":{"line":58,"column":29}},"loc":{"start":{"line":58,"column":65},"end":{"line":64,"column":5}},"line":58},"9":{"name":"(anonymous_9)","decl":{"start":{"line":61,"column":48},"end":{"line":61,"column":49}},"loc":{"start":{"line":61,"column":75},"end":{"line":61,"column":129}},"line":61},"10":{"name":"(anonymous_10)","decl":{"start":{"line":80,"column":33},"end":{"line":80,"column":34}},"loc":{"start":{"line":80,"column":39},"end":{"line":83,"column":25}},"line":80},"11":{"name":"(anonymous_11)","decl":{"start":{"line":97,"column":35},"end":{"line":97,"column":36}},"loc":{"start":{"line":98,"column":16},"end":{"line":106,"column":32}},"line":98}},"branchMap":{"0":{"loc":{"start":{"line":23,"column":12},"end":{"line":23,"column":62}},"type":"binary-expr","locations":[{"start":{"line":23,"column":13},"end":{"line":23,"column":27}},{"start":{"line":23,"column":31},"end":{"line":23,"column":42}},{"start":{"line":23,"column":47},"end":{"line":23,"column":62}}],"line":23},"1":{"loc":{"start":{"line":61,"column":75},"end":{"line":61,"column":129}},"type":"cond-expr","locations":[{"start":{"line":61,"column":97},"end":{"line":61,"column":120}},{"start":{"line":61,"column":123},"end":{"line":61,"column":129}}],"line":61},"2":{"loc":{"start":{"line":73,"column":25},"end":{"line":73,"column":66}},"type":"cond-expr","locations":[{"start":{"line":73,"column":58},"end":{"line":73,"column":61}},{"start":{"line":73,"column":64},"end":{"line":73,"column":66}}],"line":73}},"s":{"0":2,"1":20,"2":81,"3":20,"4":20,"5":20,"6":2,"7":2,"8":2,"9":20,"10":46,"11":20,"12":2,"13":2,"14":20,"15":7,"16":7,"17":28,"18":7,"19":20,"20":2,"21":8,"22":20,"23":6,"24":6,"25":46},"f":{"0":20,"1":81,"2":2,"3":46,"4":2,"5":2,"6":7,"7":28,"8":2,"9":8,"10":6,"11":46},"b":{"0":[81,72,44],"1":[2,6],"2":[20,0]},"_coverageSchema":"1a1c01bbd47fc00a2c39e90264f33305004495a9","hash":"b8bf786e300111ab8279e71b29765aaa35bdb065"}
,"C:\\Users\\beamf\\quizzer_start\\src\\quizzer\\QuizList.tsx": {"path":"C:\\Users\\beamf\\quizzer_start\\src\\quizzer\\QuizList.tsx","statementMap":{"0":{"start":{"line":8,"column":24},"end":{"line":56,"column":1}},"1":{"start":{"line":14,"column":38},"end":{"line":14,"column":67}},"2":{"start":{"line":16,"column":27},"end":{"line":18,"column":5}},"3":{"start":{"line":17,"column":8},"end":{"line":17,"column":25}},"4":{"start":{"line":20,"column":26},"end":{"line":22,"column":5}},"5":{"start":{"line":21,"column":8},"end":{"line":21,"column":27}},"6":{"start":{"line":24,"column":4},"end":{"line":55,"column":6}},"7":{"start":{"line":29,"column":24},"end":{"line":33,"column":36}},"8":{"start":{"line":41,"column":16},"end":{"line":52,"column":42}},"9":{"start":{"line":42,"column":20},"end":{"line":50,"column":22}},"10":{"start":{"line":52,"column":22},"end":{"line":52,"column":41}}},"fnMap":{"0":{"name":"(anonymous_0)","decl":{"start":{"line":8,"column":24},"end":{"line":8,"column":25}},"loc":{"start":{"line":13,"column":118},"end":{"line":56,"column":1}},"line":13},"1":{"name":"(anonymous_1)","decl":{"start":{"line":16,"column":27},"end":{"line":16,"column":28}},"loc":{"start":{"line":16,"column":43},"end":{"line":18,"column":5}},"line":16},"2":{"name":"(anonymous_2)","decl":{"start":{"line":20,"column":26},"end":{"line":20,"column":27}},"loc":{"start":{"line":20,"column":32},"end":{"line":22,"column":5}},"line":20},"3":{"name":"(anonymous_3)","decl":{"start":{"line":28,"column":33},"end":{"line":28,"column":34}},"loc":{"start":{"line":29,"column":24},"end":{"line":33,"column":36}},"line":29},"4":{"name":"(anonymous_4)","decl":{"start":{"line":40,"column":25},"end":{"line":40,"column":26}},"loc":{"start":{"line":40,"column":41},"end":{"line":53,"column":13}},"line":40}},"branchMap":{"0":{"loc":{"start":{"line":26,"column":13},"end":{"line":39,"column":13}},"type":"binary-expr","locations":[{"start":{"line":26,"column":13},"end":{"line":26,"column":23}},{"start":{"line":27,"column":16},"end":{"line":38,"column":19}}],"line":26},"1":{"loc":{"start":{"line":41,"column":16},"end":{"line":52,"column":42}},"type":"if","locations":[{"start":{"line":41,"column":16},"end":{"line":52,"column":42}},{"start":{"line":52,"column":20},"end":{"line":52,"column":42}}],"line":41}},"s":{"0":2,"1":42,"2":42,"3":10,"4":42,"5":1,"6":42,"7":90,"8":210,"9":24,"10":186},"f":{"0":42,"1":10,"2":1,"3":90,"4":210},"b":{"0":[42,18],"1":[24,186]},"_coverageSchema":"1a1c01bbd47fc00a2c39e90264f33305004495a9","hash":"294eadcf0cbb3103bfe7c206b94459c435e39f2e"}
,"C:\\Users\\beamf\\quizzer_start\\src\\quizzer\\QuizQuestion.tsx": {"path":"C:\\Users\\beamf\\quizzer_start\\src\\quizzer\\QuizQuestion.tsx","statementMap":{"0":{"start":{"line":8,"column":28},"end":{"line":86,"column":1}},"1":{"start":{"line":16,"column":24},"end":{"line":20,"column":5}},"2":{"start":{"line":17,"column":8},"end":{"line":19,"column":9}},"3":{"start":{"line":18,"column":12},"end":{"line":18,"column":57}},"4":{"start":{"line":22,"column":30},"end":{"line":27,"column":5}},"5":{"start":{"line":23,"column":8},"end":{"line":23,"column":28}},"6":{"start":{"line":24,"column":8},"end":{"line":26,"column":9}},"7":{"start":{"line":25,"column":12},"end":{"line":25,"column":39}},"8":{"start":{"line":29,"column":4},"end":{"line":85,"column":6}},"9":{"start":{"line":55,"column":36},"end":{"line":63,"column":38}}},"fnMap":{"0":{"name":"(anonymous_0)","decl":{"start":{"line":8,"column":28},"end":{"line":8,"column":29}},"loc":{"start":{"line":15,"column":136},"end":{"line":86,"column":1}},"line":15},"1":{"name":"(anonymous_1)","decl":{"start":{"line":16,"column":24},"end":{"line":16,"column":25}},"loc":{"start":{"line":16,"column":44},"end":{"line":20,"column":5}},"line":16},"2":{"name":"(anonymous_2)","decl":{"start":{"line":22,"column":30},"end":{"line":22,"column":31}},"loc":{"start":{"line":22,"column":36},"end":{"line":27,"column":5}},"line":22},"3":{"name":"(anonymous_3)","decl":{"start":{"line":54,"column":32},"end":{"line":54,"column":33}},"loc":{"start":{"line":55,"column":36},"end":{"line":63,"column":38}},"line":55}},"branchMap":{"0":{"loc":{"start":{"line":17,"column":8},"end":{"line":19,"column":9}},"type":"if","locations":[{"start":{"line":17,"column":8},"end":{"line":19,"column":9}},{"start":{},"end":{}}],"line":17},"1":{"loc":{"start":{"line":24,"column":8},"end":{"line":26,"column":9}},"type":"if","locations":[{"start":{"line":24,"column":8},"end":{"line":26,"column":9}},{"start":{},"end":{}}],"line":24},"2":{"loc":{"start":{"line":38,"column":45},"end":{"line":38,"column":77}},"type":"cond-expr","locations":[{"start":{"line":38,"column":69},"end":{"line":38,"column":72}},{"start":{"line":38,"column":75},"end":{"line":38,"column":77}}],"line":38},"3":{"loc":{"start":{"line":42,"column":21},"end":{"line":50,"column":21}},"type":"binary-expr","locations":[{"start":{"line":42,"column":21},"end":{"line":42,"column":62}},{"start":{"line":43,"column":24},"end":{"line":49,"column":37}}],"line":42},"4":{"loc":{"start":{"line":51,"column":21},"end":{"line":67,"column":21}},"type":"binary-expr","locations":[{"start":{"line":51,"column":21},"end":{"line":51,"column":65}},{"start":{"line":52,"column":24},"end":{"line":66,"column":30}}],"line":51},"5":{"loc":{"start":{"line":69,"column":39},"end":{"line":69,"column":64}},"type":"cond-expr","locations":[{"start":{"line":69,"column":51},"end":{"line":69,"column":53}},{"start":{"line":69,"column":56},"end":{"line":69,"column":64}}],"line":69},"6":{"loc":{"start":{"line":70,"column":29},"end":{"line":72,"column":37}},"type":"cond-expr","locations":[{"start":{"line":71,"column":34},"end":{"line":71,"column":38}},{"start":{"line":72,"column":34},"end":{"line":72,"column":37}}],"line":70}},"s":{"0":2,"1":46,"2":2,"3":2,"4":46,"5":2,"6":2,"7":2,"8":46,"9":72},"f":{"0":46,"1":2,"2":2,"3":72},"b":{"0":[2,0],"1":[2,0],"2":[3,43],"3":[46,22],"4":[46,24],"5":[2,44],"6":[4,42]},"_coverageSchema":"1a1c01bbd47fc00a2c39e90264f33305004495a9","hash":"efa5279e536f1d655fcbdfa9a0f29baeca39f615"}
,"C:\\Users\\beamf\\quizzer_start\\src\\quizzer\\QuizView.tsx": {"path":"C:\\Users\\beamf\\quizzer_start\\src\\quizzer\\QuizView.tsx","statementMap":{"0":{"start":{"line":8,"column":24},"end":{"line":44,"column":6}},"1":{"start":{"line":18,"column":28},"end":{"line":18,"column":43}},"2":{"start":{"line":20,"column":23},"end":{"line":22,"column":5}},"3":{"start":{"line":21,"column":8},"end":{"line":21,"column":23}},"4":{"start":{"line":24,"column":4},"end":{"line":44,"column":5}}},"fnMap":{"0":{"name":"(anonymous_0)","decl":{"start":{"line":8,"column":24},"end":{"line":8,"column":25}},"loc":{"start":{"line":17,"column":6},"end":{"line":44,"column":6}},"line":17},"1":{"name":"(anonymous_1)","decl":{"start":{"line":20,"column":23},"end":{"line":20,"column":24}},"loc":{"start":{"line":20,"column":29},"end":{"line":22,"column":5}},"line":20}},"branchMap":{"0":{"loc":{"start":{"line":26,"column":13},"end":{"line":34,"column":13}},"type":"binary-expr","locations":[{"start":{"line":26,"column":13},"end":{"line":26,"column":17}},{"start":{"line":27,"column":16},"end":{"line":33,"column":28}}],"line":26},"1":{"loc":{"start":{"line":35,"column":13},"end":{"line":42,"column":13}},"type":"binary-expr","locations":[{"start":{"line":35,"column":13},"end":{"line":35,"column":18}},{"start":{"line":36,"column":16},"end":{"line":41,"column":32}}],"line":35}},"s":{"0":2,"1":24,"2":24,"3":11,"4":24},"f":{"0":24,"1":11},"b":{"0":[24,6],"1":[24,18]},"_coverageSchema":"1a1c01bbd47fc00a2c39e90264f33305004495a9","hash":"da39e0162b76ee321d8c609b6f3bf87e9fdb6e38"}
,"C:\\Users\\beamf\\quizzer_start\\src\\quizzer\\Quizzer.tsx": {"path":"C:\\Users\\beamf\\quizzer_start\\src\\quizzer\\Quizzer.tsx","statementMap":{"0":{"start":{"line":10,"column":16},"end":{"line":21,"column":1}},"1":{"start":{"line":11,"column":21},"end":{"line":20,"column":5}},"2":{"start":{"line":14,"column":30},"end":{"line":18,"column":13}},"3":{"start":{"line":23,"column":23},"end":{"line":109,"column":1}},"4":{"start":{"line":24,"column":34},"end":{"line":24,"column":59}},"5":{"start":{"line":25,"column":44},"end":{"line":25,"column":59}},"6":{"start":{"line":29,"column":8},"end":{"line":31,"column":10}},"7":{"start":{"line":30,"column":44},"end":{"line":30,"column":70}},"8":{"start":{"line":35,"column":8},"end":{"line":35,"column":102}},"9":{"start":{"line":39,"column":8},"end":{"line":39,"column":71}},"10":{"start":{"line":39,"column":56},"end":{"line":39,"column":68}},"11":{"start":{"line":42,"column":28},"end":{"line":42,"column":55}},"12":{"start":{"line":42,"column":34},"end":{"line":42,"column":55}},"13":{"start":{"line":43,"column":29},"end":{"line":43,"column":57}},"14":{"start":{"line":43,"column":35},"end":{"line":43,"column":57}},"15":{"start":{"line":45,"column":4},"end":{"line":108,"column":6}}},"fnMap":{"0":{"name":"(anonymous_0)","decl":{"start":{"line":11,"column":4},"end":{"line":11,"column":5}},"loc":{"start":{"line":11,"column":21},"end":{"line":20,"column":5}},"line":11},"1":{"name":"(anonymous_1)","decl":{"start":{"line":14,"column":12},"end":{"line":14,"column":13}},"loc":{"start":{"line":14,"column":30},"end":{"line":18,"column":13}},"line":14},"2":{"name":"(anonymous_2)","decl":{"start":{"line":23,"column":23},"end":{"line":23,"column":24}},"loc":{"start":{"line":23,"column":29},"end":{"line":109,"column":1}},"line":23},"3":{"name":"editQuiz","decl":{"start":{"line":28,"column":13},"end":{"line":28,"column":21}},"loc":{"start":{"line":28,"column":50},"end":{"line":32,"column":5}},"line":28},"4":{"name":"(anonymous_4)","decl":{"start":{"line":30,"column":24},"end":{"line":30,"column":25}},"loc":{"start":{"line":30,"column":44},"end":{"line":30,"column":70}},"line":30},"5":{"name":"addQuiz","decl":{"start":{"line":34,"column":13},"end":{"line":34,"column":20}},"loc":{"start":{"line":34,"column":50},"end":{"line":36,"column":5}},"line":34},"6":{"name":"deleteQuiz","decl":{"start":{"line":38,"column":13},"end":{"line":38,"column":23}},"loc":{"start":{"line":38,"column":37},"end":{"line":40,"column":5}},"line":38},"7":{"name":"(anonymous_7)","decl":{"start":{"line":39,"column":34},"end":{"line":39,"column":35}},"loc":{"start":{"line":39,"column":56},"end":{"line":39,"column":68}},"line":39},"8":{"name":"(anonymous_8)","decl":{"start":{"line":42,"column":28},"end":{"line":42,"column":29}},"loc":{"start":{"line":42,"column":34},"end":{"line":42,"column":55}},"line":42},"9":{"name":"(anonymous_9)","decl":{"start":{"line":43,"column":29},"end":{"line":43,"column":30}},"loc":{"start":{"line":43,"column":35},"end":{"line":43,"column":57}},"line":43}},"branchMap":{"0":{"loc":{"start":{"line":30,"column":44},"end":{"line":30,"column":70}},"type":"cond-expr","locations":[{"start":{"line":30,"column":59},"end":{"line":30,"column":66}},{"start":{"line":30,"column":69},"end":{"line":30,"column":70}}],"line":30}},"s":{"0":2,"1":10,"2":40,"3":2,"4":34,"5":32,"6":14,"7":70,"8":1,"9":1,"10":5,"11":32,"12":1,"13":32,"14":1,"15":32},"f":{"0":10,"1":40,"2":34,"3":14,"4":70,"5":1,"6":1,"7":5,"8":1,"9":1},"b":{"0":[14,56]},"_coverageSchema":"1a1c01bbd47fc00a2c39e90264f33305004495a9","hash":"f4b6ec5106a5b0d87309b4545c280e1334a9a2f5"}
}
