TN:
SF:src/App.tsx
FN:19,App
FNF:1
FNH:1
FNDA:1,App
DA:20,1
LF:1
LH:1
BRF:0
BRH:0
end_of_record
TN:
SF:src/arrays.ts
FN:7,bookEndList
FN:23,tripleNumbers
FN:24,(anonymous_2)
FN:32,stringsToIntegers
FN:33,(anonymous_4)
FN:34,(anonymous_5)
FN:45,(anonymous_6)
FN:46,(anonymous_7)
FN:49,(anonymous_8)
FN:50,(anonymous_9)
FN:59,(anonymous_10)
FN:60,(anonymous_11)
FN:66,(anonymous_12)
FN:75,countShortWords
FN:76,(anonymous_14)
FN:86,allRGB
FN:89,(anonymous_16)
FN:105,makeMath
FN:107,(anonymous_18)
FN:129,injectPositive
FN:131,(anonymous_20)
FN:140,(anonymous_21)
FNF:22
FNH:22
FNDA:6,bookEndList
FNDA:6,tripleNumbers
FNDA:17,(anonymous_2)
FNDA:7,stringsToIntegers
FNDA:18,(anonymous_4)
FNDA:18,(anonymous_5)
FNDA:8,(anonymous_6)
FNDA:22,(anonymous_7)
FNDA:22,(anonymous_8)
FNDA:22,(anonymous_9)
FNDA:6,(anonymous_10)
FNDA:20,(anonymous_11)
FNDA:20,(anonymous_12)
FNDA:6,countShortWords
FNDA:22,(anonymous_14)
FNDA:9,allRGB
FNDA:21,(anonymous_16)
FNDA:5,makeMath
FNDA:12,(anonymous_18)
FNDA:7,injectPositive
FNDA:17,(anonymous_20)
FNDA:15,(anonymous_21)
DA:8,6
DA:9,6
DA:10,5
DA:11,4
DA:13,1
DA:16,6
DA:24,17
DA:25,6
DA:33,18
DA:34,18
DA:35,7
DA:45,1
DA:46,8
DA:47,22
DA:49,22
DA:50,22
DA:51,8
DA:59,1
DA:60,6
DA:61,20
DA:65,6
DA:66,20
DA:68,6
DA:76,22
DA:77,6
DA:78,6
DA:87,9
DA:88,9
DA:90,21
DA:92,9
DA:93,6
DA:95,9
DA:106,5
DA:107,12
DA:110,5
DA:111,5
DA:112,4
DA:114,1
DA:116,5
DA:117,5
DA:130,7
DA:131,17
DA:133,7
DA:134,7
DA:135,2
DA:137,5
DA:139,7
DA:140,15
DA:143,7
DA:144,7
DA:145,2
DA:146,2
DA:148,5
DA:150,7
LF:54
LH:54
BRDA:9,0,0,5
BRDA:9,0,1,1
BRDA:10,1,0,4
BRDA:10,1,1,1
BRDA:34,2,0,6
BRDA:34,2,1,12
BRDA:47,3,0,15
BRDA:47,3,1,7
BRDA:50,4,0,4
BRDA:50,4,1,18
BRDA:61,5,0,8
BRDA:61,5,1,12
BRDA:90,6,0,21
BRDA:90,6,1,12
BRDA:90,6,2,8
BRDA:92,7,0,6
BRDA:92,7,1,3
BRDA:111,8,0,4
BRDA:111,8,1,1
BRDA:134,9,0,2
BRDA:134,9,1,5
BRDA:144,10,0,2
BRDA:144,10,1,5
BRF:23
BRH:23
end_of_record
TN:
SF:src/functions.ts
FN:16,fahrenheitToCelius
FN:27,add3
FN:45,shout
FN:55,isQuestion
FN:66,convertYesNo
FN:90,isOdd
FN:98,start
FN:102,checkCaps
FN:111,(anonymous_8)
FN:112,(anonymous_9)
FN:122,(anonymous_10)
FN:131,(anonymous_11)
FN:140,(anonymous_12)
FN:150,(anonymous_13)
FN:162,(anonymous_14)
FN:167,(anonymous_15)
FN:172,(anonymous_16)
FNF:17
FNH:17
FNDA:14,fahrenheitToCelius
FNDA:12,add3
FNDA:12,shout
FNDA:14,isQuestion
FNDA:18,convertYesNo
FNDA:4,isOdd
FNDA:4,start
FNDA:4,checkCaps
FNDA:1,(anonymous_8)
FNDA:1,(anonymous_9)
FNDA:1,(anonymous_10)
FNDA:1,(anonymous_11)
FNDA:1,(anonymous_12)
FNDA:1,(anonymous_13)
FNDA:1,(anonymous_14)
FNDA:1,(anonymous_15)
FNDA:1,(anonymous_16)
DA:17,14
DA:18,14
DA:19,14
DA:20,14
DA:28,12
DA:29,12
DA:30,8
DA:32,12
DA:33,6
DA:35,12
DA:36,8
DA:38,12
DA:46,12
DA:47,12
DA:48,12
DA:57,14
DA:58,14
DA:67,18
DA:68,18
DA:69,18
DA:70,4
DA:71,4
DA:72,14
DA:76,4
DA:77,4
DA:79,18
DA:80,8
DA:82,10
DA:91,4
DA:92,4
DA:93,2
DA:95,4
DA:99,4
DA:103,4
DA:104,4
DA:105,4
DA:106,2
DA:108,4
DA:111,1
DA:112,1
DA:113,1
DA:114,1
DA:115,1
DA:116,1
DA:117,1
DA:118,1
DA:119,1
DA:122,1
DA:123,1
DA:124,1
DA:125,1
DA:126,1
DA:127,1
DA:128,1
DA:131,1
DA:132,1
DA:133,1
DA:134,1
DA:135,1
DA:136,1
DA:137,1
DA:140,1
DA:141,1
DA:142,1
DA:143,1
DA:144,1
DA:145,1
DA:146,1
DA:147,1
DA:150,1
DA:151,1
DA:152,1
DA:153,1
DA:154,1
DA:155,1
DA:156,1
DA:157,1
DA:158,1
DA:159,1
DA:162,1
DA:163,1
DA:164,1
DA:167,1
DA:168,1
DA:169,1
DA:172,1
DA:173,1
DA:174,1
LF:88
LH:88
BRDA:29,0,0,8
BRDA:29,0,1,4
BRDA:32,1,0,6
BRDA:32,1,1,6
BRDA:35,2,0,8
BRDA:35,2,1,4
BRDA:57,3,0,6
BRDA:57,3,1,8
BRDA:69,4,0,4
BRDA:69,4,1,14
BRDA:69,5,0,18
BRDA:69,5,1,16
BRDA:72,6,0,4
BRDA:72,6,1,10
BRDA:73,7,0,14
BRDA:73,7,1,12
BRDA:79,8,0,8
BRDA:79,8,1,10
BRDA:92,9,0,2
BRDA:92,9,1,2
BRDA:105,10,0,2
BRDA:105,10,1,2
BRF:22
BRH:22
end_of_record
TN:
SF:src/nested.ts
FN:9,getPublishedQuestions
FN:11,(anonymous_1)
FN:21,getNonEmptyQuestions
FN:23,(anonymous_3)
FN:35,findQuestion
FN:40,(anonymous_5)
FN:52,removeQuestion
FN:54,(anonymous_7)
FN:69,getNames
FN:71,(anonymous_9)
FN:79,sumPoints
FN:81,(anonymous_11)
FN:91,sumPublishedPoints
FN:93,(anonymous_13)
FN:96,(anonymous_14)
FN:120,toCSV
FN:124,(anonymous_16)
FN:136,makeAnswers
FN:137,(anonymous_18)
FN:152,publishAll
FN:154,(anonymous_20)
FN:165,sameType
FN:166,isSameType
FN:181,addNewQuestion
FN:195,renameQuestionById
FN:201,(anonymous_25)
FN:215,changeQuestionTypeById
FN:221,(anonymous_27)
FN:243,editOption
FN:249,insert
FN:264,(anonymous_30)
FN:281,duplicateQuestionInArray
FN:286,(anonymous_32)
FN:294,(anonymous_33)
FNF:34
FNH:34
FNDA:5,getPublishedQuestions
FNDA:20,(anonymous_1)
FNDA:5,getNonEmptyQuestions
FNDA:20,(anonymous_3)
FNDA:11,findQuestion
FNDA:24,(anonymous_5)
FNDA:5,removeQuestion
FNDA:13,(anonymous_7)
FNDA:5,getNames
FNDA:20,(anonymous_9)
FNDA:5,sumPoints
FNDA:20,(anonymous_11)
FNDA:5,sumPublishedPoints
FNDA:20,(anonymous_13)
FNDA:11,(anonymous_14)
FNDA:5,toCSV
FNDA:20,(anonymous_16)
FNDA:5,makeAnswers
FNDA:20,(anonymous_18)
FNDA:5,publishAll
FNDA:20,(anonymous_20)
FNDA:6,sameType
FNDA:17,isSameType
FNDA:3,addNewQuestion
FNDA:3,renameQuestionById
FNDA:10,(anonymous_25)
FNDA:4,changeQuestionTypeById
FNDA:12,(anonymous_27)
FNDA:5,editOption
FNDA:5,insert
FNDA:18,(anonymous_30)
FNDA:3,duplicateQuestionInArray
FNDA:9,(anonymous_32)
FNDA:12,(anonymous_33)
DA:10,5
DA:11,20
DA:13,5
DA:22,5
DA:24,20
DA:28,5
DA:39,11
DA:40,24
DA:42,11
DA:43,3
DA:45,8
DA:53,5
DA:54,13
DA:56,5
DA:57,5
DA:58,5
DA:59,5
DA:61,5
DA:62,5
DA:70,5
DA:71,20
DA:73,5
DA:80,5
DA:82,20
DA:85,5
DA:92,5
DA:93,20
DA:95,5
DA:97,11
DA:100,5
DA:121,5
DA:122,5
DA:125,20
DA:128,5
DA:137,5
DA:138,20
DA:145,5
DA:153,5
DA:154,20
DA:167,17
DA:168,5
DA:170,12
DA:173,6
DA:187,3
DA:200,3
DA:201,10
DA:220,4
DA:221,12
DA:254,5
DA:255,5
DA:256,3
DA:258,2
DA:259,2
DA:261,5
DA:263,5
DA:264,18
DA:272,5
DA:286,9
DA:287,3
DA:288,3
DA:293,3
DA:294,12
DA:299,3
LF:63
LH:63
BRDA:24,0,0,20
BRDA:24,0,1,6
BRDA:24,0,2,4
BRDA:42,1,0,3
BRDA:42,1,1,8
BRDA:58,2,0,5
BRDA:58,2,1,0
BRDA:167,3,0,5
BRDA:167,3,1,12
BRDA:203,4,0,3
BRDA:203,4,1,7
BRDA:223,5,0,4
BRDA:223,5,1,8
BRDA:225,6,0,3
BRDA:225,6,1,9
BRDA:225,7,0,12
BRDA:225,7,1,9
BRDA:255,8,0,3
BRDA:255,8,1,2
BRDA:267,9,0,5
BRDA:267,9,1,13
BRDA:296,10,0,3
BRDA:296,10,1,9
BRF:23
BRH:22
end_of_record
TN:
SF:src/objects.ts
FN:8,makeBlankQuestion
FN:32,isCorrect
FN:47,isValid
FN:63,toShortForm
FN:86,toMarkdown
FN:106,renameQuestion
FN:119,publishQuestion
FN:141,duplicateQuestion
FN:158,addOption
FN:174,mergeQuestion
FNF:10
FNH:10
FNDA:6,makeBlankQuestion
FNDA:14,isCorrect
FNDA:18,isValid
FNDA:5,toShortForm
FNDA:4,toMarkdown
FNDA:2,renameQuestion
FNDA:4,publishQuestion
FNDA:5,duplicateQuestion
FNDA:2,addOption
FNDA:2,mergeQuestion
DA:13,6
DA:33,14
DA:34,14
DA:35,14
DA:36,14
DA:37,14
DA:38,14
DA:48,18
DA:49,18
DA:50,8
DA:51,10
DA:52,6
DA:54,18
DA:64,5
DA:65,5
DA:66,5
DA:87,4
DA:88,4
DA:89,4
DA:90,2
DA:92,2
DA:93,2
DA:94,2
DA:95,2
DA:96,2
DA:98,0
DA:99,0
DA:107,2
DA:111,2
DA:121,4
DA:122,2
DA:127,2
DA:132,4
DA:142,5
DA:148,5
DA:159,2
DA:163,2
DA:180,2
LF:38
LH:36
BRDA:49,0,0,8
BRDA:49,0,1,10
BRDA:51,1,0,6
BRDA:51,1,1,4
BRDA:89,2,0,2
BRDA:89,2,1,2
BRDA:95,3,0,2
BRDA:95,3,1,0
BRDA:121,4,0,2
BRDA:121,4,1,2
BRF:10
BRH:9
end_of_record
TN:
SF:src/bad-components/ChooseTeam.tsx
FN:13,ChooseTeam
FN:16,chooseMember
FN:23,clearTeam
FN:32,(anonymous_3)
FN:36,(anonymous_4)
FN:46,(anonymous_5)
FN:49,(anonymous_6)
FNF:7
FNH:7
FNDA:17,ChooseTeam
FNDA:9,chooseMember
FNDA:1,clearTeam
FNDA:102,(anonymous_3)
FNDA:9,(anonymous_4)
FNDA:15,(anonymous_5)
FNDA:1,(anonymous_6)
DA:4,2
DA:14,17
DA:15,17
DA:17,9
DA:18,9
DA:19,9
DA:24,1
DA:27,17
DA:33,102
DA:36,9
DA:47,15
DA:49,1
LF:12
LH:12
BRDA:17,0,0,9
BRDA:17,0,1,0
BRF:2
BRH:1
end_of_record
TN:
SF:src/bad-components/ColoredBox.tsx
FN:17,ChangeColor
FN:22,(anonymous_1)
FN:28,ColorPreview
FN:44,ColoredBox
FNF:4
FNH:4
FNDA:7,ChangeColor
FNDA:3,(anonymous_1)
FNDA:7,ColorPreview
FNDA:7,ColoredBox
DA:4,2
DA:5,2
DA:21,7
DA:22,3
DA:29,7
DA:45,7
DA:46,7
LF:7
LH:7
BRF:0
BRH:0
end_of_record
TN:
SF:src/bad-components/DoubleHalf.tsx
FN:10,Doubler
FN:11,(anonymous_1)
FN:14,Halver
FN:15,(anonymous_3)
FN:18,DoubleHalf
FNF:5
FNH:5
FNDA:14,Doubler
FNDA:3,(anonymous_1)
FNDA:14,Halver
FNDA:5,(anonymous_3)
FNDA:14,DoubleHalf
DA:11,14
DA:15,14
DA:19,14
DA:20,14
LF:4
LH:4
BRF:0
BRH:0
end_of_record
TN:
SF:src/bad-components/ShoveBox.tsx
FN:13,ShoveBoxButton
FN:15,(anonymous_1)
FN:24,MoveableBox
FN:41,ShoveBox
FNF:4
FNH:4
FNDA:7,ShoveBoxButton
FNDA:3,(anonymous_1)
FNDA:7,MoveableBox
FNDA:7,ShoveBox
DA:14,7
DA:15,3
DA:25,7
DA:42,7
DA:43,7
LF:5
LH:5
BRF:0
BRH:0
end_of_record
TN:
SF:src/components/ChangeType.tsx
FN:6,ChangeType
FN:11,(anonymous_1)
FNF:2
FNH:2
FNDA:9,ChangeType
FNDA:3,(anonymous_1)
DA:7,9
DA:8,9
DA:12,3
LF:3
LH:3
BRDA:13,0,0,2
BRDA:13,0,1,1
BRDA:21,1,0,7
BRDA:21,1,1,2
BRF:4
BRH:4
end_of_record
TN:
SF:src/components/Counter.tsx
FN:4,Counter
FN:8,(anonymous_1)
FNF:2
FNH:2
FNDA:9,Counter
FNDA:3,(anonymous_1)
DA:5,9
DA:6,9
DA:8,3
LF:3
LH:3
BRF:0
BRH:0
end_of_record
TN:
SF:src/components/CycleHoliday.tsx
FN:10,CycleHoliday
FN:40,(anonymous_1)
FN:43,(anonymous_2)
FNF:3
FNH:3
FNDA:17,CycleHoliday
FNDA:6,(anonymous_1)
FNDA:6,(anonymous_2)
DA:11,17
DA:12,17
DA:19,17
DA:38,17
DA:40,6
DA:43,6
LF:6
LH:6
BRDA:46,0,0,2
BRDA:46,0,1,15
BRDA:48,1,0,7
BRDA:48,1,1,8
BRDA:50,2,0,3
BRDA:50,2,1,5
BRDA:52,3,0,3
BRDA:52,3,1,2
BRDA:54,4,0,2
BRDA:54,4,1,0
BRF:10
BRH:9
end_of_record
TN:
SF:src/components/RevealAnswer.tsx
FN:4,RevealAnswer
FN:8,(anonymous_1)
FNF:2
FNH:2
FNDA:8,RevealAnswer
FNDA:3,(anonymous_1)
DA:5,8
DA:6,8
DA:8,3
LF:3
LH:3
BRDA:8,0,0,2
BRDA:8,0,1,1
BRDA:11,1,0,2
BRDA:11,1,1,6
BRF:4
BRH:4
end_of_record
TN:
SF:src/components/StartAttempt.tsx
FN:4,StartAttempt
FN:7,startQuiz
FN:16,(anonymous_2)
FN:20,(anonymous_3)
FNF:4
FNH:4
FNDA:65,StartAttempt
FNDA:16,startQuiz
FNDA:12,(anonymous_2)
FNDA:10,(anonymous_3)
DA:5,65
DA:6,65
DA:8,16
DA:9,16
DA:11,65
DA:16,12
DA:20,10
LF:7
LH:7
BRDA:13,0,0,65
BRDA:13,0,1,49
BRF:2
BRH:2
end_of_record
TN:
SF:src/components/TwoDice.tsx
FN:10,d6
FN:14,TwoDice
FN:21,(anonymous_2)
FN:22,(anonymous_3)
FNF:4
FNH:4
FNDA:17,d6
FNDA:26,TwoDice
FNDA:8,(anonymous_2)
FNDA:9,(anonymous_3)
DA:11,17
DA:15,26
DA:16,26
DA:17,26
DA:21,8
DA:22,9
LF:6
LH:6
BRDA:23,0,0,1
BRDA:23,0,1,25
BRDA:23,1,0,26
BRDA:23,1,1,2
BRDA:28,2,0,1
BRDA:28,2,1,25
BRDA:28,3,0,26
BRDA:28,3,1,2
BRF:8
BRH:8
end_of_record
TN:
SF:src/form-components/ChangeColor.tsx
FN:14,ChangeColor
FN:16,updateColor
FN:21,(anonymous_2)
FNF:3
FNH:3
FNDA:7,ChangeColor
FNDA:4,updateColor
FNDA:56,(anonymous_2)
DA:3,2
DA:15,7
DA:17,4
DA:19,7
DA:22,56
LF:5
LH:5
BRF:0
BRH:0
end_of_record
TN:
SF:src/form-components/CheckAnswer.tsx
FN:4,CheckAnswer
FN:11,updateAnswer
FNF:2
FNH:2
FNDA:18,CheckAnswer
FNDA:11,updateAnswer
DA:9,18
DA:12,11
DA:15,18
LF:3
LH:3
BRDA:22,0,0,2
BRDA:22,0,1,16
BRF:2
BRH:2
end_of_record
TN:
SF:src/form-components/EditMode.tsx
FN:4,EditMode
FN:8,updateMode
FN:11,updateStudent
FN:14,updateName
FNF:4
FNH:4
FNDA:37,EditMode
FNDA:5,updateMode
FNDA:3,updateStudent
FNDA:23,updateName
DA:5,37
DA:6,37
DA:7,37
DA:9,5
DA:12,3
DA:15,23
DA:17,37
LF:7
LH:7
BRDA:43,0,0,25
BRDA:43,0,1,12
BRDA:43,1,0,37
BRDA:43,1,1,34
BRDA:45,2,0,3
BRDA:45,2,1,9
BRDA:45,3,0,12
BRDA:45,3,1,3
BRDA:47,4,0,9
BRDA:47,4,1,0
BRDA:47,5,0,9
BRDA:47,5,1,9
BRF:12
BRH:11
end_of_record
TN:
SF:src/form-components/GiveAttempts.tsx
FN:4,GiveAttempts
FN:9,updateAttemptsReq
FN:25,(anonymous_2)
FN:31,(anonymous_3)
FNF:4
FNH:4
FNDA:16,GiveAttempts
FNDA:5,updateAttemptsReq
FNDA:3,(anonymous_2)
FNDA:3,(anonymous_3)
DA:5,16
DA:6,16
DA:7,16
DA:10,5
DA:11,5
DA:14,16
DA:25,3
DA:31,3
LF:8
LH:8
BRDA:7,0,0,16
BRDA:7,0,1,9
BRDA:11,1,0,5
BRDA:11,1,1,1
BRF:4
BRH:4
end_of_record
TN:
SF:src/form-components/MultipleChoiceQuestion.tsx
FN:4,MultipleChoiceQuestion
FN:12,updateChoice
FN:20,(anonymous_2)
FNF:3
FNH:3
FNDA:11,MultipleChoiceQuestion
FNDA:5,updateChoice
FNDA:31,(anonymous_2)
DA:11,11
DA:13,5
DA:15,11
DA:21,31
LF:4
LH:4
BRDA:28,0,0,4
BRDA:28,0,1,7
BRF:2
BRH:2
end_of_record
TN:
SF:src/interfaces/answer.ts
FNF:0
FNH:0
LF:0
LH:0
BRF:0
BRH:0
end_of_record
TN:
SF:src/interfaces/question.ts
FNF:0
FNH:0
LF:0
LH:0
BRF:0
BRH:0
end_of_record
