TN:
SF:src\App.tsx
FN:7,App
FN:15,(anonymous_1)
FNF:2
FNH:1
FNDA:2,App
FNDA:0,(anonymous_1)
DA:8,2
DA:10,1
DA:16,0
LF:3
LH:2
BRDA:19,0,0,1
BRDA:19,0,1,0
BRDA:22,1,0,1
BRDA:22,1,1,0
BRF:4
BRH:2
end_of_record
TN:
SF:src\interfaces\question.ts
FNF:0
FNH:0
LF:0
LH:0
BRF:0
BRH:0
end_of_record
TN:
SF:src\interfaces\quiz.ts
FNF:0
FNH:0
LF:0
LH:0
BRF:0
BRH:0
end_of_record
TN:
SF:src\quizzer\AddQuizModal.tsx
FN:4,(anonymous_0)
FN:16,(anonymous_1)
FN:34,(anonymous_2)
FN:43,(anonymous_3)
FN:52,(anonymous_4)
FNF:5
FNH:2
FNDA:32,(anonymous_0)
FNDA:1,(anonymous_1)
FNDA:0,(anonymous_2)
FNDA:0,(anonymous_3)
FNDA:0,(anonymous_4)
DA:4,2
DA:13,32
DA:14,32
DA:16,32
DA:17,1
DA:18,1
DA:19,1
DA:20,1
DA:23,32
DA:36,0
DA:45,0
DA:53,0
DA:54,0
DA:55,0
LF:14
LH:9
BRF:0
BRH:0
end_of_record
TN:
SF:src\quizzer\QuestionEdit.tsx
FN:6,(anonymous_0)
FN:23,(anonymous_1)
FN:26,(anonymous_2)
FN:38,(anonymous_3)
FN:48,(anonymous_4)
FN:53,(anonymous_5)
FN:66,(anonymous_6)
FN:89,(anonymous_7)
FN:162,(anonymous_8)
FN:177,(anonymous_9)
FN:196,(anonymous_10)
FN:216,(anonymous_11)
FN:225,(anonymous_12)
FN:241,(anonymous_13)
FN:250,(anonymous_14)
FNF:15
FNH:6
FNDA:54,(anonymous_0)
FNDA:53,(anonymous_1)
FNDA:0,(anonymous_2)
FNDA:1,(anonymous_3)
FNDA:0,(anonymous_4)
FNDA:0,(anonymous_5)
FNDA:0,(anonymous_6)
FNDA:0,(anonymous_7)
FNDA:0,(anonymous_8)
FNDA:81,(anonymous_9)
FNDA:0,(anonymous_10)
FNDA:2,(anonymous_11)
FNDA:0,(anonymous_12)
FNDA:1,(anonymous_13)
FNDA:0,(anonymous_14)
DA:6,2
DA:22,54
DA:23,53
DA:26,54
DA:27,0
DA:29,0
DA:30,0
DA:38,54
DA:39,1
DA:40,1
DA:48,54
DA:49,0
DA:50,0
DA:53,54
DA:57,0
DA:58,0
DA:59,0
DA:66,54
DA:67,0
DA:68,0
DA:69,0
DA:75,54
DA:92,0
DA:165,0
DA:178,81
DA:199,0
DA:217,2
DA:226,0
DA:242,1
DA:251,0
LF:30
LH:14
BRDA:29,0,0,0
BRDA:29,0,1,0
BRDA:62,1,0,0
BRDA:62,1,1,0
BRDA:111,2,0,13
BRDA:111,2,1,41
BRDA:142,3,0,54
BRDA:142,3,1,27
BRDA:157,4,0,54
BRDA:157,4,1,27
BRDA:173,5,0,54
BRDA:173,5,1,27
BRF:12
BRH:8
end_of_record
TN:
SF:src\quizzer\QuizCard.tsx
FN:7,(anonymous_0)
FN:15,(anonymous_1)
FN:24,(anonymous_2)
FNF:3
FNH:3
FNDA:90,(anonymous_0)
FNDA:356,(anonymous_1)
FNDA:10,(anonymous_2)
DA:7,2
DA:14,90
DA:16,356
DA:19,90
DA:25,10
LF:5
LH:5
BRDA:16,0,0,356
BRDA:16,0,1,302
BRDA:16,0,2,160
BRDA:32,1,0,90
BRDA:32,1,1,0
BRF:5
BRH:4
end_of_record
TN:
SF:src\quizzer\QuizEdit.tsx
FN:9,(anonymous_0)
FN:24,(anonymous_1)
FN:27,(anonymous_2)
FN:32,(anonymous_3)
FN:35,(anonymous_4)
FN:40,(anonymous_5)
FN:44,(anonymous_6)
FN:48,(anonymous_7)
FN:66,(anonymous_8)
FN:83,(anonymous_9)
FN:98,(anonymous_10)
FN:106,(anonymous_11)
FN:122,(anonymous_12)
FN:148,(anonymous_13)
FN:161,(anonymous_14)
FNF:15
FNH:11
FNDA:13,(anonymous_0)
FNDA:2,(anonymous_1)
FNDA:8,(anonymous_2)
FNDA:0,(anonymous_3)
FNDA:0,(anonymous_4)
FNDA:5,(anonymous_5)
FNDA:2,(anonymous_6)
FNDA:8,(anonymous_7)
FNDA:0,(anonymous_8)
FNDA:2,(anonymous_9)
FNDA:0,(anonymous_10)
FNDA:54,(anonymous_11)
FNDA:1,(anonymous_12)
FNDA:5,(anonymous_13)
FNDA:1,(anonymous_14)
DA:9,2
DA:22,13
DA:24,13
DA:25,2
DA:27,8
DA:32,13
DA:33,0
DA:35,0
DA:40,13
DA:41,5
DA:44,13
DA:45,2
DA:49,8
DA:50,6
DA:51,4
DA:57,13
DA:69,0
DA:86,2
DA:99,0
DA:107,54
DA:123,1
DA:149,5
DA:150,5
DA:162,1
DA:163,1
LF:25
LH:21
BRDA:27,0,0,2
BRDA:27,0,1,6
BRDA:49,1,0,2
BRDA:49,1,1,6
BRDA:50,2,0,2
BRDA:50,2,1,4
BRF:6
BRH:6
end_of_record
TN:
SF:src\quizzer\QuizExpanded.tsx
FN:9,(anonymous_0)
FN:22,(anonymous_1)
FN:31,(anonymous_2)
FN:38,(anonymous_3)
FN:42,(anonymous_4)
FN:43,(anonymous_5)
FN:46,(anonymous_6)
FN:51,(anonymous_7)
FN:58,(anonymous_8)
FN:61,(anonymous_9)
FN:80,(anonymous_10)
FN:97,(anonymous_11)
FNF:12
FNH:12
FNDA:20,(anonymous_0)
FNDA:81,(anonymous_1)
FNDA:2,(anonymous_2)
FNDA:46,(anonymous_3)
FNDA:2,(anonymous_4)
FNDA:2,(anonymous_5)
FNDA:7,(anonymous_6)
FNDA:28,(anonymous_7)
FNDA:2,(anonymous_8)
FNDA:8,(anonymous_9)
FNDA:6,(anonymous_10)
FNDA:46,(anonymous_11)
DA:9,2
DA:21,20
DA:23,81
DA:26,20
DA:27,20
DA:31,20
DA:32,2
DA:33,2
DA:34,2
DA:37,20
DA:38,46
DA:42,20
DA:43,2
DA:46,20
DA:47,7
DA:48,7
DA:51,28
DA:55,7
DA:58,20
DA:59,2
DA:61,8
DA:66,20
DA:81,6
DA:82,6
DA:98,46
LF:25
LH:25
BRDA:23,0,0,81
BRDA:23,0,1,72
BRDA:23,0,2,44
BRDA:61,1,0,2
BRDA:61,1,1,6
BRDA:73,2,0,20
BRDA:73,2,1,0
BRF:7
BRH:6
end_of_record
TN:
SF:src\quizzer\QuizList.tsx
FN:8,(anonymous_0)
FN:16,(anonymous_1)
FN:20,(anonymous_2)
FN:28,(anonymous_3)
FN:40,(anonymous_4)
FNF:5
FNH:5
FNDA:42,(anonymous_0)
FNDA:10,(anonymous_1)
FNDA:1,(anonymous_2)
FNDA:90,(anonymous_3)
FNDA:210,(anonymous_4)
DA:8,2
DA:14,42
DA:16,42
DA:17,10
DA:20,42
DA:21,1
DA:24,42
DA:29,90
DA:41,210
DA:42,24
DA:52,186
LF:11
LH:11
BRDA:26,0,0,42
BRDA:26,0,1,18
BRDA:41,1,0,24
BRDA:41,1,1,186
BRF:4
BRH:4
end_of_record
TN:
SF:src\quizzer\QuizQuestion.tsx
FN:8,(anonymous_0)
FN:16,(anonymous_1)
FN:22,(anonymous_2)
FN:54,(anonymous_3)
FNF:4
FNH:4
FNDA:46,(anonymous_0)
FNDA:2,(anonymous_1)
FNDA:2,(anonymous_2)
FNDA:72,(anonymous_3)
DA:8,2
DA:16,46
DA:17,2
DA:18,2
DA:22,46
DA:23,2
DA:24,2
DA:25,2
DA:29,46
DA:55,72
LF:10
LH:10
BRDA:17,0,0,2
BRDA:17,0,1,0
BRDA:24,1,0,2
BRDA:24,1,1,0
BRDA:38,2,0,3
BRDA:38,2,1,43
BRDA:42,3,0,46
BRDA:42,3,1,22
BRDA:51,4,0,46
BRDA:51,4,1,24
BRDA:69,5,0,2
BRDA:69,5,1,44
BRDA:70,6,0,4
BRDA:70,6,1,42
BRF:14
BRH:12
end_of_record
TN:
SF:src\quizzer\QuizView.tsx
FN:8,(anonymous_0)
FN:20,(anonymous_1)
FNF:2
FNH:2
FNDA:24,(anonymous_0)
FNDA:11,(anonymous_1)
DA:8,2
DA:18,24
DA:20,24
DA:21,11
DA:24,24
LF:5
LH:5
BRDA:26,0,0,24
BRDA:26,0,1,6
BRDA:35,1,0,24
BRDA:35,1,1,18
BRF:4
BRH:4
end_of_record
TN:
SF:src\quizzer\Quizzer.tsx
FN:11,(anonymous_0)
FN:14,(anonymous_1)
FN:23,(anonymous_2)
FN:28,editQuiz
FN:30,(anonymous_4)
FN:34,addQuiz
FN:38,deleteQuiz
FN:39,(anonymous_7)
FN:42,(anonymous_8)
FN:43,(anonymous_9)
FNF:10
FNH:10
FNDA:10,(anonymous_0)
FNDA:40,(anonymous_1)
FNDA:34,(anonymous_2)
FNDA:14,editQuiz
FNDA:70,(anonymous_4)
FNDA:1,addQuiz
FNDA:1,deleteQuiz
FNDA:5,(anonymous_7)
FNDA:1,(anonymous_8)
FNDA:1,(anonymous_9)
DA:10,2
DA:11,10
DA:14,40
DA:23,2
DA:24,34
DA:25,32
DA:29,14
DA:30,70
DA:35,1
DA:39,5
DA:42,32
DA:43,32
DA:45,32
LF:13
LH:13
BRDA:30,0,0,14
BRDA:30,0,1,56
BRF:2
BRH:2
end_of_record
